#
# There is insufficient memory for the Java Runtime Environment to continue.
# Native memory allocation (malloc) failed to allocate 7472408 bytes. Error detail: Chunk::new
# Possible reasons:
#   The system is out of physical RAM or swap space
#   This process is running with CompressedOops enabled, and the Java Heap may be blocking the growth of the native heap
# Possible solutions:
#   Reduce memory load on the system
#   Increase physical memory or swap space
#   Check if swap backing store is full
#   Decrease Java heap size (-Xmx/-Xms)
#   Decrease number of Java threads
#   Decrease Java thread stack sizes (-Xss)
#   Set larger code cache with -XX:ReservedCodeCacheSize=
#   JVM is running with Unscaled Compressed Oops mode in which the Java heap is
#     placed in the first 4GB address space. The Java Heap base address is the
#     maximum limit for the native heap growth. Please use -XX:HeapBaseMinAddress
#     to set the Java Heap base and to place the Java Heap above 4GB virtual address.
# This output file may be truncated or incomplete.
#
#  Out of Memory Error (arena.cpp:193), pid=17564, tid=8916
#
# JRE version: Java(TM) SE Runtime Environment (26.0+35) (build 26+35-2893)
# Java VM: Java HotSpot(TM) 64-Bit Server VM (26+35-2893, mixed mode, sharing, tiered, compressed oops, compressed class ptrs, g1 gc, windows-amd64)
# No core dump will be written. Minidumps are not enabled by default on client versions of Windows
#

---------------  S U M M A R Y ------------

Command Line: --enable-native-access=ALL-UNNAMED -Dclassworlds.conf=C:\Users\Rohit Deshmukh\Downloads\netbeans-29-bin\netbeans-29-bin\netbeans\java\maven\bin\m2.conf -Dmaven.home=C:\Users\Rohit Deshmukh\Downloads\netbeans-29-bin\netbeans-29-bin\netbeans\java\maven -Dlibrary.jansi.path=C:\Users\Rohit Deshmukh\Downloads\netbeans-29-bin\netbeans-29-bin\netbeans\java\maven\lib\jansi-native -Dmaven.multiModuleProjectDirectory=D:\HospitalManagementSystem org.codehaus.plexus.classworlds.launcher.Launcher -Dexec.vmArgs= -Dexec.args=${exec.vmArgs} -classpath %classpath ${exec.mainClass} ${exec.appArgs} -Dexec.executable=C:\Program Files\Java\jdk-26\bin\java.exe -Dexec.mainClass=com.mycompany.hospitalmanagementsystem.CheckAppointment -Dexec.classpathScope=runtime -Dexec.appArgs= -Dmaven.ext.class.path=C:\Users\Rohit Deshmukh\Downloads\netbeans-29-bin\netbeans-29-bin\netbeans\java\maven-nblib\netbeans-eventspy.jar --no-transfer-progress process-classes org.codehaus.mojo:exec-maven-plugin:3.5.1:exec

Host: Intel(R) Core(TM) i3-10110U CPU @ 2.10GHz, 4 cores, 7G,  Windows 11 , 64 bit Build 26100 (10.0.26100.7920)
Time: Thu Apr 23 16:39:59 2026 India Standard Time elapsed time: 1.508654 seconds (0d 0h 0m 1s)

---------------  T H R E A D  ---------------

Current thread (0x000002153871e690):  JavaThread "C2 CompilerThread1" daemon [_thread_in_native, id=8916, stack(0x0000001f6ae00000,0x0000001f6af00000) (1024K)]


Current CompileTask:
C2:1508 1279   !   4       sun.nio.cs.StreamDecoder::read (220 bytes)

Stack: [0x0000001f6ae00000,0x0000001f6af00000]
Native frames: (J=compiled Java code, j=interpreted, Vv=VM code, C=native code)
V  [jvm.dll+0x7d5719]  (no source info available)
V  [jvm.dll+0x7a367d]  (no source info available)
V  [jvm.dll+0x9b0aa0]  (no source info available)
V  [jvm.dll+0x9b2ef1]  (no source info available)
V  [jvm.dll+0x9b3603]  (no source info available)
V  [jvm.dll+0x30de86]  (no source info available)
V  [jvm.dll+0x11d7c6]  (no source info available)
V  [jvm.dll+0x11daee]  (no source info available)
V  [jvm.dll+0x1afb06]  (no source info available)
V  [jvm.dll+0x3ca732]  (no source info available)
V  [jvm.dll+0x7de302]  (no source info available)
V  [jvm.dll+0x2d1557]  (no source info available)
V  [jvm.dll+0x2d04cf]  (no source info available)
V  [jvm.dll+0x246740]  (no source info available)
V  [jvm.dll+0x2e05ec]  (no source info available)
V  [jvm.dll+0x2de7cd]  (no source info available)
V  [jvm.dll+0x4a3f01]  (no source info available)
V  [jvm.dll+0x94f4e9]  (no source info available)
V  [jvm.dll+0x7d71f8]  (no source info available)
C  [ucrtbase.dll+0x37b0]  (no source info available)
C  [KERNEL32.DLL+0x2e8d7]  (no source info available)
C  [ntdll.dll+0x8c48c]  (no source info available)

Lock stack of current Java thread (top to bottom):


---------------  P R O C E S S  ---------------

Threads class SMR info:
_java_thread_list=0x00000215386df690, length=12, elements={
0x00000215144fa250, 0x000002153353cfc0, 0x000002153353da10, 0x000002153353e6c0,
0x0000021533544250, 0x0000021533546f80, 0x0000021533549740, 0x0000021533552640,
0x000002153356dad0, 0x000002153369a3f0, 0x00000215336bf030, 0x000002153871e690
}

Java Threads: ( => current thread )
  0x00000215144fa250 JavaThread "main"                              [_thread_in_Java, id=14772, stack(0x0000001f69a00000,0x0000001f69b00000) (1024K)]
  0x000002153353cfc0 JavaThread "Reference Handler"          daemon [_thread_blocked, id=6272, stack(0x0000001f6a400000,0x0000001f6a500000) (1024K)]
  0x000002153353da10 JavaThread "Finalizer"                  daemon [_thread_blocked, id=10652, stack(0x0000001f6a500000,0x0000001f6a600000) (1024K)]
  0x000002153353e6c0 JavaThread "Signal Dispatcher"          daemon [_thread_blocked, id=8888, stack(0x0000001f6a600000,0x0000001f6a700000) (1024K)]
  0x0000021533544250 JavaThread "Attach Listener"            daemon [_thread_blocked, id=13792, stack(0x0000001f6a700000,0x0000001f6a800000) (1024K)]
  0x0000021533546f80 JavaThread "Service Thread"             daemon [_thread_blocked, id=10732, stack(0x0000001f6a800000,0x0000001f6a900000) (1024K)]
  0x0000021533549740 JavaThread "Monitor Deflation Thread"   daemon [_thread_blocked, id=7436, stack(0x0000001f6a900000,0x0000001f6aa00000) (1024K)]
  0x0000021533552640 JavaThread "C2 CompilerThread0"         daemon [_thread_in_native, id=17664, stack(0x0000001f6aa00000,0x0000001f6ab00000) (1024K)]
  0x000002153356dad0 JavaThread "C1 CompilerThread0"         daemon [_thread_blocked, id=6256, stack(0x0000001f6ab00000,0x0000001f6ac00000) (1024K)]
  0x000002153369a3f0 JavaThread "Notification Thread"        daemon [_thread_blocked, id=15484, stack(0x0000001f6ac00000,0x0000001f6ad00000) (1024K)]
  0x00000215336bf030 JavaThread "Common-Cleaner"             daemon [_thread_blocked, id=13884, stack(0x0000001f6ad00000,0x0000001f6ae00000) (1024K)]
=>0x000002153871e690 JavaThread "C2 CompilerThread1"         daemon [_thread_in_native, id=8916, stack(0x0000001f6ae00000,0x0000001f6af00000) (1024K)]
Total: 12

Other Threads:
  0x00000215333ef780 VMThread "VM Thread"                           [id=14592, stack(0x0000001f6a300000,0x0000001f6a400000) (1024K)]
  0x00000215333ebcd0 WatcherThread "VM Periodic Task Thread"        [id=6292, stack(0x0000001f6a200000,0x0000001f6a300000) (1024K)]
  0x000002151691dd20 WorkerThread "GC Thread#0"                     [id=8880, stack(0x0000001f69c00000,0x0000001f69d00000) (1024K)]
  0x00000215333f0020 WorkerThread "GC Thread#1"                     [id=18144, stack(0x0000001f6af00000,0x0000001f6b000000) (1024K)]
  0x00000215333eea90 WorkerThread "GC Thread#2"                     [id=15460, stack(0x0000001f6b000000,0x0000001f6b100000) (1024K)]
  0x0000021516974d00 ConcurrentGCThread "G1 Main Marker"            [id=15380, stack(0x0000001f69d00000,0x0000001f69e00000) (1024K)]
  0x0000021516977030 WorkerThread "G1 Conc#0"                       [id=9860, stack(0x0000001f69e00000,0x0000001f69f00000) (1024K)]
  0x00000215333f08c0 WorkerThread "G1 Refinement Workers#0"         [id=11752, stack(0x0000001f6a000000,0x0000001f6a100000) (1024K)]
  0x00000215333e6000 ConcurrentGCThread "G1 Refine Control"         [id=14300, stack(0x0000001f69f00000,0x0000001f6a000000) (1024K)]
  0x00000215333f2b50 ConcurrentGCThread "G1 Service"                [id=10172, stack(0x0000001f6a100000,0x0000001f6a200000) (1024K)]
Total: 10

Threads with active compile tasks:
C2 CompilerThread0  1626 1289       4       org.codehaus.plexus.util.xml.pull.MXParser::nextImpl (1208 bytes)
C2 CompilerThread1  1626 1279   !   4       sun.nio.cs.StreamDecoder::read (220 bytes)
Total: 2

VM state: not at safepoint (normal execution)

VM Mutex/Monitor currently owned by a thread: None

Heap address: 0x0000000082800000, size: 2008 MB, Compressed Oops mode: 32-bit

CDS archive(s) mapped at: [0x000000000f000000-0x000000000fde0000-0x000000000fde0000), size 14548992, SharedBaseAddress: 0x000000000f000000, ArchiveRelocationMode: 1.
Compressed class space mapped at: 0x0000000010000000-0x0000000050000000, reserved size: 1073741824
UseCompressedClassPointers 1, UseCompactObjectHeaders 0
Narrow klass pointer bits 32, Max shift 3
Narrow klass base: 0x000000000f000000, Narrow klass shift: 0
Encoding Range: [0x000000000f000000 - 0x000000010f000000), (4294967296 bytes)
Klass Range:    [0x000000000f000000 - 0x0000000050000000), (1090519040 bytes)
Klass ID Range:  [8 - 1090519033) (1090519025)
Protection zone: [0x000000000f000000 - 0x000000000f010000), (65536 bytes)

GC Precious Log:
 CardTable entry size: 512
 Card Set container configuration: InlinePtr #cards 5 size 8 Array Of Cards #cards 10 size 36 Howl #buckets 4 coarsen threshold 1843 Howl Bitmap #cards 512 size 80 coarsen threshold 460 Card regions per heap region 1 cards per card region 2048
 CPUs: 4 total, 4 available
 Memory: 8025M
 Large Page Support: Disabled
 NUMA Support: Disabled
 Compressed Oops: Enabled (32-bit)
 Heap Region Size: 1M
 Heap Min Capacity: 8M
 Heap Initial Capacity: 8M
 Heap Max Capacity: 2008M
 Pre-touch: Disabled
 Parallel Workers: 4
 Concurrent Workers: 1
 Concurrent Refinement Workers: 4
 Periodic GC: Disabled

Heap:
 garbage-first heap   total reserved 2056192K, committed 13312K, used 4599K [0x0000000082800000, 0x0000000100000000)
  region size 1M, 1 eden (1M), 1 survivor (1M), 5 old (5M), 0 humongous (0M), 6 free (6M)

Heap Regions: E=young(eden), S=young(survivor), O=old, HS=humongous(starts), HC=humongous(continues), CS=collection set, F=free, TAMS=top-at-mark-start, PB=parsable bottom
|    0|0x0000000082800000, 0x0000000082900000, 0x0000000082900000|100%| O|  |TAMS 0x0000000082800000| PB 0x0000000082800000| Untracked |  0
|    1|0x0000000082900000, 0x0000000082a00000, 0x0000000082a00000|100%| O|  |TAMS 0x0000000082900000| PB 0x0000000082900000| Untracked |  0
|    2|0x0000000082a00000, 0x0000000082acc480, 0x0000000082b00000| 79%| O|  |TAMS 0x0000000082a00000| PB 0x0000000082a00000| Untracked |  0
|    3|0x0000000082b00000, 0x0000000082b00000, 0x0000000082c00000|  0%| F|  |TAMS 0x0000000082b00000| PB 0x0000000082b00000| Untracked |  0
|    4|0x0000000082c00000, 0x0000000082c00000, 0x0000000082d00000|  0%| F|  |TAMS 0x0000000082c00000| PB 0x0000000082c00000| Untracked |  0
|    5|0x0000000082d00000, 0x0000000082d88b10, 0x0000000082e00000| 53%| S|CS|TAMS 0x0000000082d00000| PB 0x0000000082d00000| Complete  |  0
|    6|0x0000000082e00000, 0x0000000082e00000, 0x0000000082f00000|  0%| F|  |TAMS 0x0000000082e00000| PB 0x0000000082e00000| Untracked |  0
|    7|0x0000000082f00000, 0x0000000082f00000, 0x0000000083000000|  0%| F|  |TAMS 0x0000000082f00000| PB 0x0000000082f00000| Untracked |  0
|    8|0x0000000083000000, 0x0000000083000000, 0x0000000083100000|  0%| F|  |TAMS 0x0000000083000000| PB 0x0000000083000000| Untracked |  0
|    9|0x0000000083100000, 0x0000000083100000, 0x0000000083200000|  0%| F|  |TAMS 0x0000000083100000| PB 0x0000000083100000| Untracked |  0
|   10|0x0000000083200000, 0x000000008327e0c8, 0x0000000083300000| 49%| E|CS|TAMS 0x0000000083200000| PB 0x0000000083200000| Complete  |  0
| 2006|0x00000000ffe00000, 0x00000000fff00000, 0x00000000fff00000|100%| O|  |TAMS 0x00000000ffe00000| PB 0x00000000ffe00000| Untracked |  0
| 2007|0x00000000fff00000, 0x00000000fff28da8, 0x0000000100000000| 15%| O|  |TAMS 0x00000000fff00000| PB 0x00000000fff00000| Untracked |  0

Card table byte_map: [0x000002152ed60000,0x000002152f150000] _byte_map_base: 0x000002152e94c000
Refinement table byte_map: [0x000002152e970000,0x000002152ed60000] _byte_map_base: 0x000002152e55c000

Marking Bits: (CMBitMap*) 0x000002151691e4a0
 Bits: [0x000002152f150000, 0x00000215310b0000)

Polling page: 0x0000021514930000

Metaspace:
Metaspace        used 5748K, committed 5952K, reserved 1114112K
 class space     used 703K, committed 832K, reserved 1048576K

Usage:
  Non-class:      4.93 MB used.
      Class:    703.47 KB used.
       Both:      5.61 MB used.

Virtual space:
  Non-class space:       64.00 MB reserved,       5.00 MB (  8%) committed,  1 nodes.
      Class space:        1.00 GB reserved,     832.00 KB ( <1%) committed,  1 nodes.
             Both:        1.06 GB reserved,       5.81 MB ( <1%) committed. 

Chunk freelists:
   Non-Class:  9.09 MB
       Class:  15.23 MB
        Both:  24.33 MB

MaxMetaspaceSize: unlimited
CompressedClassSpaceSize: 1.00 GB
Initial GC threshold: 21.00 MB
Current GC threshold: 21.00 MB
CDS: on
 - commit_granule_bytes: 65536.
 - commit_granule_words: 8192.
 - virtual_space_node_default_size: 8388608.
 - enlarge_chunks_in_place: 1.
UseCompressedClassPointers 1, UseCompactObjectHeaders 0
Narrow klass pointer bits 32, Max shift 3
Narrow klass base: 0x000000000f000000, Narrow klass shift: 0
Encoding Range: [0x000000000f000000 - 0x000000010f000000), (4294967296 bytes)
Klass Range:    [0x000000000f000000 - 0x0000000050000000), (1090519040 bytes)
Klass ID Range:  [8 - 1090519033) (1090519025)
Protection zone: [0x000000000f000000 - 0x000000000f010000), (65536 bytes)


Internal statistics:

num_allocs_failed_limit: 0.
num_arena_births: 54.
num_arena_deaths: 0.
num_vsnodes_births: 2.
num_vsnodes_deaths: 0.
num_space_committed: 93.
num_space_uncommitted: 0.
num_chunks_returned_to_freelist: 0.
num_chunks_taken_from_freelist: 235.
num_chunk_merges: 0.
num_chunk_splits: 144.
num_chunks_enlarged: 114.
num_inconsistent_stats: 0.

CodeHeap 'non-profiled nmethods': size=120064Kb used=379Kb max_used=379Kb free=119685Kb
 bounds [0x0000021527040000, 0x00000215272b0000, 0x000002152e580000]
CodeHeap 'profiled nmethods': size=120000Kb used=1941Kb max_used=1941Kb free=118058Kb
 bounds [0x000002151f580000, 0x000002151f7f0000, 0x0000021526ab0000]
CodeHeap 'non-nmethods': size=5696Kb used=1355Kb max_used=1389Kb free=4340Kb
 bounds [0x0000021526ab0000, 0x0000021526d20000, 0x0000021527040000]
CodeCache: size=245760Kb, used=3675Kb, max_used=3709Kb, free=242083Kb
 total_blobs=1776, nmethods=1310, adapters=370, full_count=0
Compilation: enabled, stopped_count=0, restarted_count=0

Compilation events (20 events):
Event: 1.052 Thread 0x000002153356dad0 1283       3       java.lang.StringBuilder::charAt (6 bytes)
Event: 1.052 Thread 0x000002153356dad0 nmethod 1283 0x000002151f754b88 code [0x000002151f754c80, 0x000002151f754db8]
Event: 1.052 Thread 0x000002153356dad0 1284       3       java.lang.AbstractStringBuilder::charAt (51 bytes)
Event: 1.053 Thread 0x000002153356dad0 nmethod 1284 0x000002151f754e88 code [0x000002151f754f80, 0x000002151f755318]
Event: 1.053 Thread 0x000002153356dad0 1285       3       java.io.InputStreamReader::read (11 bytes)
Event: 1.053 Thread 0x000002153356dad0 nmethod 1285 0x000002151f755388 code [0x000002151f755480, 0x000002151f7555c0]
Event: 1.053 Thread 0x000002153356dad0 1286       3       org.codehaus.plexus.util.InterpolationFilterReader::read (477 bytes)
Event: 1.058 Thread 0x000002153356dad0 nmethod 1286 0x000002151f755688 code [0x000002151f755780, 0x000002151f75ab38]
Event: 1.058 Thread 0x0000021533552640 1287       4       org.codehaus.plexus.util.InterpolationFilterReader::read (477 bytes)
Event: 1.077 Thread 0x000002153356dad0 1293       1       org.codehaus.plexus.util.xml.pull.MXParser::getDepth (5 bytes)
Event: 1.077 Thread 0x000002153356dad0 nmethod 1293 0x0000021527097f08 code [0x0000021527098000, 0x00000215270980b8]
Event: 1.085 Thread 0x000002153356dad0 1295       3       org.codehaus.plexus.util.xml.pull.MXParser::nextText (107 bytes)
Event: 1.085 Thread 0x000002153356dad0 nmethod 1295 0x000002151f75ab88 code [0x000002151f75ac80, 0x000002151f75b9b0]
Event: 1.091 Thread 0x000002153356dad0 1296       3       java.util.Collections::emptyMap (4 bytes)
Event: 1.091 Thread 0x000002153356dad0 nmethod 1296 0x000002151f75ba08 code [0x000002151f75bb00, 0x000002151f75bbe0]
Event: 1.094 Thread 0x000002153356dad0 1297 %     3       org.codehaus.plexus.util.InterpolationFilterReader::read @ 3 (48 bytes)
Event: 1.094 Thread 0x000002153356dad0 nmethod 1297% 0x000002151f75bd08 code [0x000002151f75be00, 0x000002151f75c1d0]
Event: 1.095 Thread 0x000002153356dad0 1298       3       org.codehaus.plexus.util.InterpolationFilterReader::read (48 bytes)
Event: 1.095 Thread 0x000002153356dad0 nmethod 1298 0x000002151f75c208 code [0x000002151f75c300, 0x000002151f75c5e8]
Event: 1.109 Thread 0x000002153356dad0 1299       3       org.codehaus.plexus.util.xml.pull.MXParser::require (468 bytes)

GC Heap Usage History (12 events):
Event: 0.280 {heap Before GC invocations=0 (full 0):
 garbage-first heap   total reserved 2056192K, committed 10240K, used 4259K [0x0000000082800000, 0x0000000100000000)
  region size 1M, 4 eden (4M), 0 survivor (0M), 2 old (2M), 0 humongous (0M), 4 free (4M)
}
Event: 0.284 {heap After GC invocations=1 (full 0):
 garbage-first heap   total reserved 2056192K, committed 10240K, used 2627K [0x0000000082800000, 0x0000000100000000)
  region size 1M, 0 eden (0M), 1 survivor (1M), 3 old (3M), 0 humongous (0M), 6 free (6M)
}
Event: 0.408 {heap Before GC invocations=1 (full 0):
 garbage-first heap   total reserved 2056192K, committed 10240K, used 3651K [0x0000000082800000, 0x0000000100000000)
  region size 1M, 2 eden (2M), 1 survivor (1M), 3 old (3M), 0 humongous (0M), 4 free (4M)
}
Event: 0.410 {heap After GC invocations=2 (full 0):
 garbage-first heap   total reserved 2056192K, committed 10240K, used 2966K [0x0000000082800000, 0x0000000100000000)
  region size 1M, 0 eden (0M), 1 survivor (1M), 4 old (4M), 0 humongous (0M), 5 free (5M)
}
Event: 0.515 {heap Before GC invocations=2 (full 0):
 garbage-first heap   total reserved 2056192K, committed 10240K, used 3990K [0x0000000082800000, 0x0000000100000000)
  region size 1M, 2 eden (2M), 1 survivor (1M), 4 old (4M), 0 humongous (0M), 3 free (3M)
}
Event: 0.518 {heap After GC invocations=3 (full 0):
 garbage-first heap   total reserved 2056192K, committed 13312K, used 3500K [0x0000000082800000, 0x0000000100000000)
  region size 1M, 0 eden (0M), 1 survivor (1M), 4 old (4M), 0 humongous (0M), 8 free (8M)
}
Event: 0.722 {heap Before GC invocations=3 (full 0):
 garbage-first heap   total reserved 2056192K, committed 13312K, used 6572K [0x0000000082800000, 0x0000000100000000)
  region size 1M, 4 eden (4M), 1 survivor (1M), 4 old (4M), 0 humongous (0M), 4 free (4M)
}
Event: 0.725 {heap After GC invocations=4 (full 0):
 garbage-first heap   total reserved 2056192K, committed 13312K, used 4044K [0x0000000082800000, 0x0000000100000000)
  region size 1M, 0 eden (0M), 1 survivor (1M), 5 old (5M), 0 humongous (0M), 7 free (7M)
}
Event: 0.909 {heap Before GC invocations=4 (full 0):
 garbage-first heap   total reserved 2056192K, committed 13312K, used 8140K [0x0000000082800000, 0x0000000100000000)
  region size 1M, 4 eden (4M), 1 survivor (1M), 5 old (5M), 0 humongous (0M), 3 free (3M)
}
Event: 0.912 {heap After GC invocations=5 (full 0):
 garbage-first heap   total reserved 2056192K, committed 13312K, used 4338K [0x0000000082800000, 0x0000000100000000)
  region size 1M, 0 eden (0M), 1 survivor (1M), 5 old (5M), 0 humongous (0M), 7 free (7M)
}
Event: 1.072 {heap Before GC invocations=5 (full 0):
 garbage-first heap   total reserved 2056192K, committed 13312K, used 8434K [0x0000000082800000, 0x0000000100000000)
  region size 1M, 4 eden (4M), 1 survivor (1M), 5 old (5M), 0 humongous (0M), 3 free (3M)
}
Event: 1.074 {heap After GC invocations=6 (full 0):
 garbage-first heap   total reserved 2056192K, committed 13312K, used 4519K [0x0000000082800000, 0x0000000100000000)
  region size 1M, 0 eden (0M), 1 survivor (1M), 5 old (5M), 0 humongous (0M), 7 free (7M)
}

Metaspace Usage History (12 events):
Event: 0.280 {metaspace Before GC invocations=0 (full 0):
 Metaspace       used 990K, committed 1152K, reserved 1114112K
  class space    used 81K, committed 128K, reserved 1048576K
}
Event: 0.284 {metaspace After GC invocations=1 (full 0):
 Metaspace       used 990K, committed 1152K, reserved 1114112K
  class space    used 81K, committed 128K, reserved 1048576K
}
Event: 0.408 {metaspace Before GC invocations=1 (full 0):
 Metaspace       used 1946K, committed 2112K, reserved 1114112K
  class space    used 183K, committed 256K, reserved 1048576K
}
Event: 0.410 {metaspace After GC invocations=2 (full 0):
 Metaspace       used 1946K, committed 2112K, reserved 1114112K
  class space    used 183K, committed 256K, reserved 1048576K
}
Event: 0.515 {metaspace Before GC invocations=2 (full 0):
 Metaspace       used 2490K, committed 2688K, reserved 1114112K
  class space    used 236K, committed 320K, reserved 1048576K
}
Event: 0.518 {metaspace After GC invocations=3 (full 0):
 Metaspace       used 2490K, committed 2688K, reserved 1114112K
  class space    used 236K, committed 320K, reserved 1048576K
}
Event: 0.722 {metaspace Before GC invocations=3 (full 0):
 Metaspace       used 3655K, committed 3776K, reserved 1114112K
  class space    used 381K, committed 448K, reserved 1048576K
}
Event: 0.725 {metaspace After GC invocations=4 (full 0):
 Metaspace       used 3655K, committed 3776K, reserved 1114112K
  class space    used 381K, committed 448K, reserved 1048576K
}
Event: 0.909 {metaspace Before GC invocations=4 (full 0):
 Metaspace       used 5028K, committed 5184K, reserved 1114112K
  class space    used 594K, committed 640K, reserved 1048576K
}
Event: 0.912 {metaspace After GC invocations=5 (full 0):
 Metaspace       used 5028K, committed 5184K, reserved 1114112K
  class space    used 594K, committed 640K, reserved 1048576K
}
Event: 1.072 {metaspace Before GC invocations=5 (full 0):
 Metaspace       used 5540K, committed 5760K, reserved 1114112K
  class space    used 668K, committed 768K, reserved 1048576K
}
Event: 1.074 {metaspace After GC invocations=6 (full 0):
 Metaspace       used 5540K, committed 5760K, reserved 1114112K
  class space    used 668K, committed 768K, reserved 1048576K
}

Dll operation events (14 events):
Event: 0.009 Attempting to load shared library C:\Program Files\Java\jdk-26\bin\java.dll
Event: 0.011 Loaded shared library C:\Program Files\Java\jdk-26\bin\java.dll
Event: 0.060 Attempting to load shared library C:\Program Files\Java\jdk-26\bin\net.dll
Event: 0.060 Loaded shared library C:\Program Files\Java\jdk-26\bin\net.dll
Event: 0.062 Attempting to load shared library C:\Program Files\Java\jdk-26\bin\nio.dll
Event: 0.062 Loaded shared library C:\Program Files\Java\jdk-26\bin\nio.dll
Event: 0.067 Attempting to load shared library C:\Program Files\Java\jdk-26\bin\zip.dll
Event: 0.067 Loaded shared library C:\Program Files\Java\jdk-26\bin\zip.dll
Event: 0.274 Attempting to load shared library C:\Users\Rohit Deshmukh\Downloads\netbeans-29-bin\netbeans-29-bin\netbeans\java\maven\lib\jansi-native\Windows\x86_64\jansi.dll
Event: 0.274 Loaded shared library C:\Users\Rohit Deshmukh\Downloads\netbeans-29-bin\netbeans-29-bin\netbeans\java\maven\lib\jansi-native\Windows\x86_64\jansi.dll
Event: 0.290 Attempting to load shared library C:\Program Files\Java\jdk-26\bin\jimage.dll
Event: 0.290 Loaded shared library C:\Program Files\Java\jdk-26\bin\jimage.dll
Event: 0.291 Attempting to load shared library C:\Program Files\Java\jdk-26\bin\verify.dll
Event: 0.291 Loaded shared library C:\Program Files\Java\jdk-26\bin\verify.dll

Deoptimization events (20 events):
Event: 1.041 Thread 0x00000215144fa250 Uncommon trap: trap_request=0xffffff45 fr.pc=0x00000215270949c4 relative=0x0000000000000244
Event: 1.041 Thread 0x00000215144fa250 Uncommon trap: reason=unstable_if action=reinterpret pc=0x00000215270949c4 method=java.io.Reader.read()I @ 12 c2
Event: 1.041 Thread 0x00000215144fa250 DEOPT PACKING pc=0x00000215270949c4 sp=0x0000001f69afe140
Event: 1.041 Thread 0x00000215144fa250 DEOPT UNPACKING pc=0x0000021526bd0482 sp=0x0000001f69afe050 mode 2
Event: 1.051 Thread 0x00000215144fa250 Uncommon trap: trap_request=0xffffffde fr.pc=0x0000021527095904 relative=0x0000000000000104
Event: 1.051 Thread 0x00000215144fa250 Uncommon trap: reason=class_check action=maybe_recompile pc=0x0000021527095904 method=java.nio.Buffer.<init>(IIIILjava/lang/foreign/MemorySegment;)V @ 39 c2
Event: 1.051 Thread 0x00000215144fa250 DEOPT PACKING pc=0x0000021527095904 sp=0x0000001f69afe280
Event: 1.051 Thread 0x00000215144fa250 DEOPT UNPACKING pc=0x0000021526bd0482 sp=0x0000001f69afe238 mode 2
Event: 1.051 Thread 0x00000215144fa250 Uncommon trap: trap_request=0xffffffde fr.pc=0x0000021527095904 relative=0x0000000000000104
Event: 1.051 Thread 0x00000215144fa250 Uncommon trap: reason=class_check action=maybe_recompile pc=0x0000021527095904 method=java.nio.Buffer.<init>(IIIILjava/lang/foreign/MemorySegment;)V @ 39 c2
Event: 1.051 Thread 0x00000215144fa250 DEOPT PACKING pc=0x0000021527095904 sp=0x0000001f69afe210
Event: 1.051 Thread 0x00000215144fa250 DEOPT UNPACKING pc=0x0000021526bd0482 sp=0x0000001f69afe1c8 mode 2
Event: 1.053 Thread 0x00000215144fa250 Uncommon trap: trap_request=0xffffffde fr.pc=0x0000021527095904 relative=0x0000000000000104
Event: 1.053 Thread 0x00000215144fa250 Uncommon trap: reason=class_check action=maybe_recompile pc=0x0000021527095904 method=java.nio.Buffer.<init>(IIIILjava/lang/foreign/MemorySegment;)V @ 39 c2
Event: 1.053 Thread 0x00000215144fa250 DEOPT PACKING pc=0x0000021527095904 sp=0x0000001f69afe120
Event: 1.053 Thread 0x00000215144fa250 DEOPT UNPACKING pc=0x0000021526bd0482 sp=0x0000001f69afe0d8 mode 2
Event: 1.053 Thread 0x00000215144fa250 Uncommon trap: trap_request=0xffffff45 fr.pc=0x0000021527093b40 relative=0x0000000000001bc0
Event: 1.053 Thread 0x00000215144fa250 Uncommon trap: reason=unstable_if action=reinterpret pc=0x0000021527093b40 method=java.nio.charset.CharsetDecoder.decode(Ljava/nio/ByteBuffer;Ljava/nio/CharBuffer;Z)Ljava/nio/charset/CoderResult; @ 15 c2
Event: 1.053 Thread 0x00000215144fa250 DEOPT PACKING pc=0x0000021527093b40 sp=0x0000001f69afe2a0
Event: 1.053 Thread 0x00000215144fa250 DEOPT UNPACKING pc=0x0000021526bd0482 sp=0x0000001f69afdfb8 mode 2

Classes loaded (20 events):
Event: 0.940 Loading class sun/reflect/generics/scope/ClassScope
Event: 0.940 Loading class sun/reflect/generics/scope/Scope
Event: 0.940 Loading class sun/reflect/generics/scope/Scope done
Event: 0.940 Loading class sun/reflect/generics/scope/AbstractScope
Event: 0.941 Loading class sun/reflect/generics/scope/AbstractScope done
Event: 0.941 Loading class sun/reflect/generics/scope/ClassScope done
Event: 0.941 Loading class sun/reflect/generics/factory/CoreReflectionFactory
Event: 0.941 Loading class sun/reflect/generics/factory/GenericsFactory
Event: 0.941 Loading class sun/reflect/generics/factory/GenericsFactory done
Event: 0.941 Loading class sun/reflect/generics/factory/CoreReflectionFactory done
Event: 0.942 Loading class sun/reflect/generics/tree/TypeVariableSignature
Event: 0.942 Loading class sun/reflect/generics/tree/TypeVariableSignature done
Event: 0.942 Loading class sun/reflect/generics/visitor/Reifier
Event: 0.943 Loading class sun/reflect/generics/visitor/TypeTreeVisitor
Event: 0.943 Loading class sun/reflect/generics/visitor/TypeTreeVisitor done
Event: 0.943 Loading class sun/reflect/generics/visitor/Reifier done
Event: 0.967 Loading class java/lang/annotation/IncompleteAnnotationException
Event: 0.967 Loading class java/lang/annotation/IncompleteAnnotationException done
Event: 1.023 Loading class java/lang/foreign/MemorySegment
Event: 1.024 Loading class java/lang/foreign/MemorySegment done

Classes unloaded (0 events):
No events

Classes redefined (0 events):
No events

Internal exceptions (20 events):
Event: 0.278 Thread 0x00000215144fa250 Exception <a 'java/lang/NullPointerException'{0x0000000082cda110}> (0x0000000082cda110) 
thrown [s\open\src\hotspot\share\interpreter\linkResolver.cpp, line 1428]
Event: 0.284 Thread 0x00000215144fa250 Exception <a 'java/lang/NullPointerException'{0x0000000082f02020}> (0x0000000082f02020) 
thrown [s\open\src\hotspot\share\interpreter\linkResolver.cpp, line 1428]
Event: 0.284 Thread 0x00000215144fa250 Exception <a 'java/lang/NullPointerException'{0x0000000082f02300}> (0x0000000082f02300) 
thrown [s\open\src\hotspot\share\interpreter\linkResolver.cpp, line 1428]
Event: 0.284 Thread 0x00000215144fa250 Exception <a 'java/lang/NullPointerException'{0x0000000082f025e0}> (0x0000000082f025e0) 
thrown [s\open\src\hotspot\share\interpreter\linkResolver.cpp, line 1428]
Event: 0.284 Thread 0x00000215144fa250 Exception <a 'java/lang/NullPointerException'{0x0000000082f028c0}> (0x0000000082f028c0) 
thrown [s\open\src\hotspot\share\interpreter\linkResolver.cpp, line 1428]
Event: 0.289 Thread 0x00000215144fa250 Exception <a 'sun/nio/fs/WindowsException'{0x0000000082f2c010}> (0x0000000082f2c010) 
thrown [s\open\src\hotspot\share\prims\jni.cpp, line 514]
Event: 0.290 Thread 0x00000215144fa250 Exception <a 'sun/nio/fs/WindowsException'{0x0000000082f2c4b8}> (0x0000000082f2c4b8) 
thrown [s\open\src\hotspot\share\prims\jni.cpp, line 514]
Event: 0.303 Thread 0x00000215144fa250 Exception <a 'java/lang/NoSuchMethodError'{0x0000000082f66778}: 'void java.lang.invoke.DirectMethodHandle$Holder.invokeVirtual(java.lang.Object, java.lang.Object)'> (0x0000000082f66778) 
thrown [s\open\src\hotspot\share\interpreter\linkResolver.cpp, line 804]
Event: 0.308 Thread 0x00000215144fa250 Exception <a 'java/lang/NoSuchMethodError'{0x0000000082f88438}: 'void java.lang.invoke.DirectMethodHandle$Holder.invokeStatic(java.lang.Object, java.lang.Object)'> (0x0000000082f88438) 
thrown [s\open\src\hotspot\share\interpreter\linkResolver.cpp, line 804]
Event: 0.309 Thread 0x00000215144fa250 Exception <a 'java/lang/NoSuchMethodError'{0x0000000082f901e0}: 'void java.lang.invoke.DirectMethodHandle$Holder.invokeStaticInit(java.lang.Object, java.lang.Object)'> (0x0000000082f901e0) 
thrown [s\open\src\hotspot\share\interpreter\linkResolver.cpp, line 804]
Event: 0.317 Thread 0x00000215144fa250 Exception <a 'java/lang/NoSuchMethodError'{0x0000000082fc4290}: 'void java.lang.invoke.DirectMethodHandle$Holder.invokeSpecial(java.lang.Object, java.lang.Object, java.lang.Object, java.lang.Object, java.lang.Object)'> (0x0000000082fc4290) 
thrown [s\open\src\hotspot\share\interpreter\linkResolver.cpp, line 804]
Event: 0.340 Thread 0x00000215144fa250 Exception <a 'java/lang/NoSuchMethodError'{0x0000000082e03030}: 'void java.lang.invoke.DirectMethodHandle$Holder.invokeStatic(java.lang.Object, java.lang.Object, java.lang.Object)'> (0x0000000082e03030) 
thrown [s\open\src\hotspot\share\interpreter\linkResolver.cpp, line 804]
Event: 0.432 Thread 0x00000215144fa250 Exception <a 'java/lang/NoSuchMethodError'{0x0000000082fa7078}: 'java.lang.Object java.lang.invoke.DirectMethodHandle$Holder.invokeSpecialIFC(java.lang.Object, java.lang.Object, java.lang.Object, java.lang.Object)'> (0x0000000082fa7078) 
thrown [s\open\src\hotspot\share\interpreter\linkResolver.cpp, line 804]
Event: 0.717 Thread 0x00000215144fa250 Exception <a 'java/lang/NoSuchMethodError'{0x0000000082fddd98}: 'void java.lang.invoke.DirectMethodHandle$Holder.invokeSpecial(java.lang.Object, java.lang.Object, java.lang.Object)'> (0x0000000082fddd98) 
thrown [s\open\src\hotspot\share\interpreter\linkResolver.cpp, line 804]
Event: 0.804 Thread 0x00000215144fa250 Exception <a 'java/lang/NoSuchMethodError'{0x000000008319ae20}: 'java.lang.Object java.lang.invoke.DirectMethodHandle$Holder.invokeInterface(java.lang.Object, java.lang.Object)'> (0x000000008319ae20) 
thrown [s\open\src\hotspot\share\interpreter\linkResolver.cpp, line 804]
Event: 0.833 Thread 0x00000215144fa250 Exception <a 'java/lang/NoSuchMethodError'{0x000000008304ad20}: 'int java.lang.invoke.DirectMethodHandle$Holder.invokeStatic(java.lang.Object, java.lang.Object, java.lang.Object, java.lang.Object)'> (0x000000008304ad20) 
thrown [s\open\src\hotspot\share\interpreter\linkResolver.cpp, line 804]
Event: 0.840 Thread 0x00000215144fa250 Exception <a 'java/lang/NoSuchMethodError'{0x0000000083074600}: 'int java.lang.invoke.DirectMethodHandle$Holder.invokeSpecialIFC(java.lang.Object, java.lang.Object, java.lang.Object, java.lang.Object, java.lang.Object)'> (0x0000000083074600) 
thrown [s\open\src\hotspot\share\interpreter\linkResolver.cpp, line 804]
Event: 0.902 Thread 0x00000215144fa250 Exception <a 'java/lang/NoSuchMethodError'{0x0000000082fcaa10}: 'java.lang.Object java.lang.invoke.DirectMethodHandle$Holder.newInvokeSpecial(java.lang.Object, java.lang.Object, java.lang.Object, java.lang.Object, java.lang.Object)'> (0x0000000082fcaa10) 
thrown [s\open\src\hotspot\share\interpreter\linkResolver.cpp, line 804]
Event: 0.953 Thread 0x00000215144fa250 Exception <a 'java/lang/NoSuchMethodError'{0x00000000832e8d90}: 'int java.lang.invoke.DirectMethodHandle$Holder.invokeStaticInit(java.lang.Object, java.lang.Object)'> (0x00000000832e8d90) 
thrown [s\open\src\hotspot\share\interpreter\linkResolver.cpp, line 804]
Event: 0.967 Thread 0x00000215144fa250 Exception <a 'java/lang/NoClassDefFoundError'{0x0000000083123f50}: javax/enterprise/inject/Typed> (0x0000000083123f50) 
thrown [s\open\src\hotspot\share\classfile\systemDictionary.cpp, line 318]

VM Operations (20 events):
Event: 0.069 Executing non-safepoint VM operation: HandshakeAllThreads (Deoptimize)
Event: 0.069 Executing non-safepoint VM operation: HandshakeAllThreads (Deoptimize) done
Event: 0.263 Executing non-safepoint VM operation: HandshakeAllThreads (Deoptimize)
Event: 0.263 Executing non-safepoint VM operation: HandshakeAllThreads (Deoptimize) done
Event: 0.280 Executing safepoint VM operation: G1CollectForAllocation (G1 Evacuation Pause)
Event: 0.284 Executing safepoint VM operation: G1CollectForAllocation (G1 Evacuation Pause) done
Event: 0.346 Executing non-safepoint VM operation: HandshakeAllThreads (Deoptimize)
Event: 0.346 Executing non-safepoint VM operation: HandshakeAllThreads (Deoptimize) done
Event: 0.408 Executing safepoint VM operation: G1CollectForAllocation (G1 Evacuation Pause)
Event: 0.410 Executing safepoint VM operation: G1CollectForAllocation (G1 Evacuation Pause) done
Event: 0.515 Executing safepoint VM operation: G1CollectForAllocation (G1 Evacuation Pause)
Event: 0.518 Executing safepoint VM operation: G1CollectForAllocation (G1 Evacuation Pause) done
Event: 0.722 Executing safepoint VM operation: G1CollectForAllocation (G1 Evacuation Pause)
Event: 0.725 Executing safepoint VM operation: G1CollectForAllocation (G1 Evacuation Pause) done
Event: 0.789 Executing non-safepoint VM operation: HandshakeAllThreads (Deoptimize)
Event: 0.789 Executing non-safepoint VM operation: HandshakeAllThreads (Deoptimize) done
Event: 0.909 Executing safepoint VM operation: G1CollectForAllocation (G1 Evacuation Pause)
Event: 0.912 Executing safepoint VM operation: G1CollectForAllocation (G1 Evacuation Pause) done
Event: 1.072 Executing safepoint VM operation: G1CollectForAllocation (G1 Evacuation Pause)
Event: 1.074 Executing safepoint VM operation: G1CollectForAllocation (G1 Evacuation Pause) done

Memory protections (0 events):
No events

Nmethod flushes (0 events):
No events

Events (14 events):
Event: 0.026 Thread 0x00000215144fa250 Thread added: 0x00000215144fa250
Event: 0.040 Thread 0x00000215144fa250 Thread added: 0x000002153353cfc0
Event: 0.040 Thread 0x00000215144fa250 Thread added: 0x000002153353da10
Event: 0.040 Thread 0x00000215144fa250 Thread added: 0x000002153353e6c0
Event: 0.040 Thread 0x00000215144fa250 Thread added: 0x0000021533544250
Event: 0.040 Thread 0x00000215144fa250 Thread added: 0x0000021533546f80
Event: 0.040 Thread 0x00000215144fa250 Thread added: 0x0000021533549740
Event: 0.040 Thread 0x00000215144fa250 Thread added: 0x0000021533552640
Event: 0.040 Thread 0x00000215144fa250 Thread added: 0x000002153356dad0
Event: 0.054 Thread 0x00000215144fa250 Thread added: 0x000002153369a3f0
Event: 0.058 Thread 0x00000215144fa250 Thread added: 0x00000215336bf030
Event: 0.271 Thread 0x00000215144fa250 Thread added: 0x0000021533915d50
Event: 0.361 Thread 0x0000021533915d50 Thread exited: 0x0000021533915d50
Event: 0.484 Thread 0x000002153356dad0 Thread added: 0x000002153871e690


Dynamic libraries:
0x00007ff79d8d0000 - 0x00007ff79d8e0000 	C:\Program Files\Java\jdk-26\bin\java.exe
0x00007ffd37d60000 - 0x00007ffd37fc7000 	C:\WINDOWS\SYSTEM32\ntdll.dll
0x00007ffd35fb0000 - 0x00007ffd36079000 	C:\WINDOWS\System32\KERNEL32.DLL
0x00007ffd34d10000 - 0x00007ffd35101000 	C:\WINDOWS\System32\KERNELBASE.dll
0x00007ffd34a40000 - 0x00007ffd34b8b000 	C:\WINDOWS\System32\ucrtbase.dll
0x00007ffd201a0000 - 0x00007ffd201b7000 	C:\Program Files\Java\jdk-26\bin\jli.dll
0x00007ffd35cc0000 - 0x00007ffd35e85000 	C:\WINDOWS\System32\USER32.dll
0x00007ffd351a0000 - 0x00007ffd351c7000 	C:\WINDOWS\System32\win32u.dll
0x00007ffd36210000 - 0x00007ffd3623b000 	C:\WINDOWS\System32\GDI32.dll
0x00007ffd347a0000 - 0x00007ffd348cb000 	C:\WINDOWS\System32\gdi32full.dll
0x00007ffd210f0000 - 0x00007ffd2110e000 	C:\Program Files\Java\jdk-26\bin\VCRUNTIME140.dll
0x00007ffd34640000 - 0x00007ffd346e3000 	C:\WINDOWS\System32\msvcp_win.dll
0x00007ffd1e3d0000 - 0x00007ffd1e663000 	C:\WINDOWS\WinSxS\amd64_microsoft.windows.common-controls_6595b64144ccf1df_6.0.26100.8037_none_3e092faae333b53b\COMCTL32.dll
0x00007ffd37440000 - 0x00007ffd374e9000 	C:\WINDOWS\System32\msvcrt.dll
0x00007ffd37ba0000 - 0x00007ffd37bd1000 	C:\WINDOWS\System32\IMM32.DLL
0x00007ffd2eb80000 - 0x00007ffd2eb8c000 	C:\Program Files\Java\jdk-26\bin\vcruntime140_1.dll
0x00007ffd180d0000 - 0x00007ffd1815d000 	C:\Program Files\Java\jdk-26\bin\msvcp140.dll
0x00007ffc8ae20000 - 0x00007ffc8bcee000 	C:\Program Files\Java\jdk-26\bin\server\jvm.dll
0x00007ffd37c50000 - 0x00007ffd37d0b000 	C:\WINDOWS\System32\ADVAPI32.dll
0x00007ffd36240000 - 0x00007ffd362e7000 	C:\WINDOWS\System32\sechost.dll
0x00007ffd35e90000 - 0x00007ffd35fa8000 	C:\WINDOWS\System32\RPCRT4.dll
0x00007ffd36370000 - 0x00007ffd363e4000 	C:\WINDOWS\System32\WS2_32.dll
0x00007ffd344c0000 - 0x00007ffd3451e000 	C:\WINDOWS\SYSTEM32\POWRPROF.dll
0x00007ffd1e880000 - 0x00007ffd1e8b5000 	C:\WINDOWS\SYSTEM32\WINMM.dll
0x00007ffd24820000 - 0x00007ffd2482b000 	C:\WINDOWS\SYSTEM32\VERSION.dll
0x00007ffd34480000 - 0x00007ffd34494000 	C:\WINDOWS\SYSTEM32\UMPDC.dll
0x00007ffd333a0000 - 0x00007ffd333bb000 	C:\WINDOWS\SYSTEM32\kernel.appcore.dll
0x00007ffd2a1b0000 - 0x00007ffd2a1ba000 	C:\Program Files\Java\jdk-26\bin\jimage.dll
0x00007ffd32680000 - 0x00007ffd328c2000 	C:\WINDOWS\SYSTEM32\DBGHELP.DLL
0x00007ffd37030000 - 0x00007ffd373b2000 	C:\WINDOWS\System32\combase.dll
0x00007ffd365d0000 - 0x00007ffd366a7000 	C:\WINDOWS\System32\OLEAUT32.dll
0x00007ffd19bf0000 - 0x00007ffd19c2b000 	C:\WINDOWS\SYSTEM32\dbgcore.DLL
0x00007ffd346f0000 - 0x00007ffd34795000 	C:\WINDOWS\System32\bcryptPrimitives.dll
0x00007ffd1ffa0000 - 0x00007ffd1ffbf000 	C:\Program Files\Java\jdk-26\bin\java.dll
0x00007ffd36e90000 - 0x00007ffd37025000 	C:\WINDOWS\System32\ole32.dll
0x00007ffd366b0000 - 0x00007ffd36e0f000 	C:\WINDOWS\System32\SHELL32.dll
0x00007ffd348d0000 - 0x00007ffd34a3a000 	C:\WINDOWS\System32\wintypes.dll
0x00007ffd35290000 - 0x00007ffd35af4000 	C:\WINDOWS\System32\windows.storage.dll
0x00007ffd37520000 - 0x00007ffd37617000 	C:\WINDOWS\System32\SHCORE.dll
0x00007ffd36e20000 - 0x00007ffd36e87000 	C:\WINDOWS\System32\shlwapi.dll
0x00007ffd34560000 - 0x00007ffd34589000 	C:\WINDOWS\SYSTEM32\profapi.dll
0x00007ffd1e8e0000 - 0x00007ffd1e8f2000 	C:\Program Files\Java\jdk-26\bin\net.dll
0x00007ffd33920000 - 0x00007ffd3398b000 	C:\WINDOWS\system32\mswsock.dll
0x00007ffd1e160000 - 0x00007ffd1e176000 	C:\Program Files\Java\jdk-26\bin\nio.dll
0x00007ffd1e9c0000 - 0x00007ffd1e9d7000 	C:\Program Files\Java\jdk-26\bin\zip.dll
0x00007ffd2c980000 - 0x00007ffd2c9a4000 	C:\Users\Rohit Deshmukh\Downloads\netbeans-29-bin\netbeans-29-bin\netbeans\java\maven\lib\jansi-native\Windows\x86_64\jansi.dll
0x00007ffd29f30000 - 0x00007ffd29f40000 	C:\Program Files\Java\jdk-26\bin\verify.dll

JVMTI agents: none

dbghelp: loaded successfully - version: 4.0.5 - missing functions: none
symbol engine: initialized successfully - sym options: 0x614 - pdb path: .;C:\Program Files\Java\jdk-26\bin;C:\WINDOWS\SYSTEM32;C:\WINDOWS\WinSxS\amd64_microsoft.windows.common-controls_6595b64144ccf1df_6.0.26100.8037_none_3e092faae333b53b;C:\Program Files\Java\jdk-26\bin\server;C:\Users\Rohit Deshmukh\Downloads\netbeans-29-bin\netbeans-29-bin\netbeans\java\maven\lib\jansi-native\Windows\x86_64

VM Arguments:
jvm_args: --enable-native-access=ALL-UNNAMED -Dclassworlds.conf=C:\Users\Rohit Deshmukh\Downloads\netbeans-29-bin\netbeans-29-bin\netbeans\java\maven\bin\m2.conf -Dmaven.home=C:\Users\Rohit Deshmukh\Downloads\netbeans-29-bin\netbeans-29-bin\netbeans\java\maven -Dlibrary.jansi.path=C:\Users\Rohit Deshmukh\Downloads\netbeans-29-bin\netbeans-29-bin\netbeans\java\maven\lib\jansi-native -Dmaven.multiModuleProjectDirectory=D:\HospitalManagementSystem 
java_command: org.codehaus.plexus.classworlds.launcher.Launcher -Dexec.vmArgs= -Dexec.args=${exec.vmArgs} -classpath %classpath ${exec.mainClass} ${exec.appArgs} -Dexec.executable=C:\Program Files\Java\jdk-26\bin\java.exe -Dexec.mainClass=com.mycompany.hospitalmanagementsystem.CheckAppointment -Dexec.classpathScope=runtime -Dexec.appArgs= -Dmaven.ext.class.path=C:\Users\Rohit Deshmukh\Downloads\netbeans-29-bin\netbeans-29-bin\netbeans\java\maven-nblib\netbeans-eventspy.jar --no-transfer-progress process-classes org.codehaus.mojo:exec-maven-plugin:3.5.1:exec
java_class_path (initial): C:\Users\Rohit Deshmukh\Downloads\netbeans-29-bin\netbeans-29-bin\netbeans\java\maven\boot\plexus-classworlds-2.9.0.jar
Launcher Type: SUN_STANDARD

[Global flags]
     bool AOTAdapterCaching                        = false                                  {diagnostic} {ergonomic}
     bool AOTInvokeDynamicLinking                  = false                                  {diagnostic} {ergonomic}
     bool AOTRecordTraining                        = false                                  {diagnostic} {ergonomic}
     bool AOTReplayTraining                        = false                                  {diagnostic} {ergonomic}
     bool AOTStubCaching                           = false                                  {diagnostic} {ergonomic}
     intx CICompilerCount                          = 3                                         {product} {ergonomic}
     uint ConcGCThreads                            = 1                                         {product} {ergonomic}
     uint G1ConcRefinementThreads                  = 4                                         {product} {ergonomic}
     uint G1EagerReclaimRemSetThreshold            = 10                                   {experimental} {ergonomic}
   size_t G1HeapRegionSize                         = 1048576                                   {product} {ergonomic}
     uint G1RemSetArrayOfCardsEntries              = 10                                   {experimental} {ergonomic}
     uint G1RemSetHowlMaxNumBuckets                = 8                                    {experimental} {ergonomic}
     uint G1RemSetHowlNumBuckets                   = 4                                    {experimental} {ergonomic}
   size_t InitialHeapSize                          = 8388608                                   {product} {ergonomic}
     bool IntelJccErratumMitigation                = true                              {ARCH diagnostic} {ergonomic}
   size_t MarkStackSize                            = 4194304                                   {product} {ergonomic}
   size_t MarkStackSizeMax                         = 536870912                                 {product} {ergonomic}
   size_t MaxHeapSize                              = 2105540608                                {product} {ergonomic}
   size_t MaxNewSize                               = 1262485504                                {product} {ergonomic}
 uint64_t MaxRAM                                   = 8415657984                                {product} {ergonomic}
   size_t MinHeapDeltaBytes                        = 1048576                                   {product} {ergonomic}
   size_t MinHeapSize                              = 8388608                                   {product} {ergonomic}
   size_t NonNMethodCodeHeapSize                   = 5832704                                {pd product} {ergonomic}
   size_t NonProfiledCodeHeapSize                  = 122945536                              {pd product} {ergonomic}
   size_t ProfiledCodeHeapSize                     = 122880000                              {pd product} {ergonomic}
   size_t ReservedCodeCacheSize                    = 251658240                              {pd product} {ergonomic}
     bool SegmentedCodeCache                       = true                                      {product} {ergonomic}
   size_t SoftMaxHeapSize                          = 2105540608                             {manageable} {ergonomic}
     bool UseCompressedOops                        = true                           {product lp64_product} {ergonomic}
     bool UseCondCardMark                          = true                                      {product} {ergonomic}
     bool UseFastUnorderedTimeStamps               = true                                 {experimental} {ergonomic}
     bool UseG1GC                                  = true                                      {product} {ergonomic}
     bool UseLargePagesIndividualAllocation        = false                                  {pd product} {ergonomic}
      int X86ICacheSync                            = 2                                 {ARCH diagnostic} {ergonomic}

Logging:
Log output configuration:
 #0: stdout all=warning uptime,level,tags foldmultilines=false
 #1: stderr all=off uptime,level,tags foldmultilines=false

Release file:
IMPLEMENTOR="Oracle Corporation" 
JAVA_RUNTIME_VERSION="26+35-2893" 
JAVA_VERSION="26" 
JAVA_VERSION_DATE="2026-03-17" 
LIBC="default" 
MODULES="java.base java.compiler java.datatransfer java.xml java.prefs java.desktop java.instrument java.logging java.management java.security.sasl java.naming java.rmi java.management.rmi java.net.http java.scripting java.security.jgss java.transaction.xa java.sql java.sql.rowset java.xml.crypto java.se java.smartcardio jdk.accessibility jdk.internal.jvmstat jdk.attach jdk.charsets jdk.internal.opt jdk.zipfs jdk.compiler jdk.crypto.cryptoki jdk.crypto.ec jdk.crypto.mscapi jdk.dynalink jdk.internal.ed jdk.editpad jdk.internal.vm.ci jdk.graal.compiler jdk.graal.compiler.management jdk.hotspot.agent jdk.httpserver jdk.incubator.vector jdk.internal.le jdk.internal.md jdk.jartool jdk.javadoc jdk.jcmd jdk.management jdk.management.agent jdk.jconsole jdk.jdeps jdk.jdwp.agent jdk.jdi jdk.jfr jdk.jlink jdk.jpackage jdk.jshell jdk.jstatd jdk.localedata jdk.management.jfr jdk.naming.dns jdk.naming.rmi jdk.net jdk.nio.mapmode jdk.sctp jdk.security.auth jdk.security.jgss jdk.unsupported jdk.unsupported.desktop jdk.xml.dom" 
OS_ARCH="x86_64" 
OS_NAME="Windows" 
SOURCE=".:git:1327d96f3b3c open:git:4408cd2a07a1" 

Environment Variables:
JAVA_HOME=C:\Program Files\Java\jdk-26
PATH=C:\Program Files\Common Files\Oracle\Java\javapath;C:\Program Files\Python311\Scripts\;C:\Program Files\Python311\;C:\WINDOWS\system32;C:\WINDOWS;C:\WINDOWS\System32\Wbem;C:\WINDOWS\System32\WindowsPowerShell\v1.0\;C:\WINDOWS\System32\OpenSSH\;C:\Program Files\Java\jdk-21\bin;C:\ProgramData\chocolatey\bin;C:\dart-sdk\bin;D:\flutter\bin;C:\Users\Rohit Deshmukh\AppData\Local\Android\Sdk\build-tools\34.0.0\lld-bin;C:\Users\Rohit Deshmukh\AppData\Local\Android\Sdk;D:\3Rd Year\Chrome Download\mingw-w64-v11.0.0\mingw-w64-v11.0.0;C:\Program Files\dotnet\;C:\Program Files\Git\cmd;C:\Program Files\nodejs\;C:\Program Files\MongoDB\Server\8.0\bin;C:\Program Files\MySQL\MySQL Server 8.0\bin;C:\Users\Rohit Deshmukh\AppData\Local\Programs\Python\Python313\Scripts\;C:\Users\Rohit Deshmukh\AppData\Local\Programs\Python\Python313\;C:\Users\Rohit Deshmukh\AppData\Local\Programs\Python\Launcher\;C:\Users\Rohit Deshmukh\.console-ninja\.bin;C:\Users\Rohit Deshmukh\AppData\Local\Microsoft\WindowsApps;C:\Users\Rohit Deshmukh\AppData\Local\Programs\Microsoft VS Code\bin;C:\Users\Rohit Deshmukh\AppData\Roaming\npm;C:\Users\Rohit Deshmukh\AppData\Local\Microsoft\WindowsApps;C:\Windows\Microsoft.NET\Framework\v4.0.30319;C:\Users\Rohit Deshmukh\Downloads\jdk-26_windows-x64_bin.msi;;C:\Users\Rohit Deshmukh\Downloads\netbeans-29-bin\netbeans-29-bin\netbeans\bin\
USERNAME=Rohi Deshmukh
OS=Windows_NT
PROCESSOR_IDENTIFIER=Intel64 Family 6 Model 142 Stepping 12, GenuineIntel
TMP=C:\Users\ROHITD~1\AppData\Local\Temp
TEMP=C:\Users\ROHITD~1\AppData\Local\Temp




Compilation memory statistics disabled.

Periodic native trim disabled

---------------  S Y S T E M  ---------------

OS:
 Windows 11 , 64 bit Build 26100 (10.0.26100.7920)
OS uptime: 1 days 2:19 hours
Hyper-V role detected

CPU: total 4 (initial active 4) (2 cores per cpu, 2 threads per core) family 6 model 142 stepping 12 microcode 0xde, cx8, cmov, fxsr, ht, mmx, 3dnowpref, sse, sse2, sse3, ssse3, sse4.1, sse4.2, popcnt, lzcnt, tsc, tscinvbit, avx, avx2, aes, erms, clmul, bmi1, bmi2, adx, fma, vzeroupper, clflush, clflushopt, hv, rdtscp, f16c
Processor Information for the first 4 processors :
  Max Mhz: 2592, Current Mhz: 2592, Mhz Limit: 2073

Memory: 4k page, system-wide physical 8025M (993M free)
TotalPageFile size 10073M (AvailPageFile size 24M)
current process WorkingSet (physical memory assigned to process): 74M, peak: 76M
current process commit charge ("private bytes"): 106M, peak: 115M

vm_info: Java HotSpot(TM) 64-Bit Server VM (26+35-2893) for windows-amd64 JRE (26+35-2893), built on 2026-02-12T17:04:02Z with MS VC++ 17.13 (VS2022)

END.
