#
# There is insufficient memory for the Java Runtime Environment to continue.
# Native memory allocation (malloc) failed to allocate 21732824 bytes. Error detail: Chunk::new
# Possible reasons:
#   The system is out of physical RAM or swap space
#   This process is running with CompressedOops enabled, and the Java Heap may be blocking the growth of the native heap
# Possible solutions:
#   Reduce memory load on the system
#   Increase physical memory or swap space
#   Check if swap backing store is full
#   Decrease Java heap size (-Xmx/-Xms)
#   Decrease number of Java threads
#   Decrease Java thread stack sizes (-Xss)
#   Set larger code cache with -XX:ReservedCodeCacheSize=
#   JVM is running with Unscaled Compressed Oops mode in which the Java heap is
#     placed in the first 4GB address space. The Java Heap base address is the
#     maximum limit for the native heap growth. Please use -XX:HeapBaseMinAddress
#     to set the Java Heap base and to place the Java Heap above 4GB virtual address.
# This output file may be truncated or incomplete.
#
#  Out of Memory Error (arena.cpp:193), pid=11596, tid=4784
#
# JRE version: Java(TM) SE Runtime Environment (26.0+35) (build 26+35-2893)
# Java VM: Java HotSpot(TM) 64-Bit Server VM (26+35-2893, mixed mode, sharing, tiered, compressed oops, compressed class ptrs, g1 gc, windows-amd64)
# No core dump will be written. Minidumps are not enabled by default on client versions of Windows
#

---------------  S U M M A R Y ------------

Command Line: com.mycompany.hospitalmanagementsystem.AddPatient

Host: Intel(R) Core(TM) i3-10110U CPU @ 2.10GHz, 4 cores, 7G,  Windows 11 , 64 bit Build 26100 (10.0.26100.7920)
Time: Thu Apr 23 12:14:23 2026 India Standard Time elapsed time: 36.909656 seconds (0d 0h 0m 36s)

---------------  T H R E A D  ---------------

Current thread (0x0000020ab57907c0):  JavaThread "C2 CompilerThread1" daemon [_thread_in_native, id=4784, stack(0x000000deec400000,0x000000deec500000) (1024K)]


Current CompileTask:
C2:36909 2429       4       sun.security.ec.ECOperations::setDouble (463 bytes)

Stack: [0x000000deec400000,0x000000deec500000]
Native frames: (J=compiled Java code, j=interpreted, Vv=VM code, C=native code)
V  [jvm.dll+0x7d5719]  (no source info available)
V  [jvm.dll+0x7a367d]  (no source info available)
V  [jvm.dll+0x9b0aa0]  (no source info available)
V  [jvm.dll+0x9b2ef1]  (no source info available)
V  [jvm.dll+0x9b3603]  (no source info available)
V  [jvm.dll+0x30de86]  (no source info available)
V  [jvm.dll+0x11d7c6]  (no source info available)
V  [jvm.dll+0x11daee]  (no source info available)
V  [jvm.dll+0x1afb06]  (no source info available)
V  [jvm.dll+0x3ca732]  (no source info available)
V  [jvm.dll+0x7de302]  (no source info available)
V  [jvm.dll+0x2d1557]  (no source info available)
V  [jvm.dll+0x2d04cf]  (no source info available)
V  [jvm.dll+0x246740]  (no source info available)
V  [jvm.dll+0x2e05ec]  (no source info available)
V  [jvm.dll+0x2de7cd]  (no source info available)
V  [jvm.dll+0x4a3f01]  (no source info available)
V  [jvm.dll+0x94f4e9]  (no source info available)
V  [jvm.dll+0x7d71f8]  (no source info available)
C  [ucrtbase.dll+0x37b0]  (no source info available)
C  [KERNEL32.DLL+0x2e8d7]  (no source info available)
C  [ntdll.dll+0x8c48c]  (no source info available)

Lock stack of current Java thread (top to bottom):


---------------  P R O C E S S  ---------------

Threads class SMR info:
_java_thread_list=0x0000020ab55adcb0, length=18, elements={
0x0000020ab52e4000, 0x0000020ab52e47b0, 0x0000020ab52e6f70, 0x0000020ab52e9a90,
0x0000020ab52f2250, 0x0000020ab52f2b30, 0x0000020ab52f7a40, 0x0000020ab5310b30,
0x0000020ab53bd430, 0x0000020ab53bddb0, 0x0000020ab5758700, 0x0000020ab5758eb0,
0x0000020ab5759660, 0x0000020aba3ba8f0, 0x0000020a962d3b20, 0x0000020aba64ddb0,
0x0000020ab550ea00, 0x0000020ab57907c0
}

Java Threads: ( => current thread )
  0x0000020ab52e4000 JavaThread "Reference Handler"          daemon [_thread_blocked, id=8732, stack(0x000000deead00000,0x000000deeae00000) (1024K)]
  0x0000020ab52e47b0 JavaThread "Finalizer"                  daemon [_thread_blocked, id=4372, stack(0x000000deeae00000,0x000000deeaf00000) (1024K)]
  0x0000020ab52e6f70 JavaThread "Signal Dispatcher"          daemon [_thread_blocked, id=14096, stack(0x000000deeaf00000,0x000000deeb000000) (1024K)]
  0x0000020ab52e9a90 JavaThread "Attach Listener"            daemon [_thread_blocked, id=18300, stack(0x000000deeb000000,0x000000deeb100000) (1024K)]
  0x0000020ab52f2250 JavaThread "Service Thread"             daemon [_thread_blocked, id=14396, stack(0x000000deeb100000,0x000000deeb200000) (1024K)]
  0x0000020ab52f2b30 JavaThread "Monitor Deflation Thread"   daemon [_thread_blocked, id=16540, stack(0x000000deeb200000,0x000000deeb300000) (1024K)]
  0x0000020ab52f7a40 JavaThread "C2 CompilerThread0"         daemon [_thread_blocked, id=17732, stack(0x000000deeb300000,0x000000deeb400000) (1024K)]
  0x0000020ab5310b30 JavaThread "C1 CompilerThread0"         daemon [_thread_blocked, id=6168, stack(0x000000deeb400000,0x000000deeb500000) (1024K)]
  0x0000020ab53bd430 JavaThread "Notification Thread"        daemon [_thread_blocked, id=8184, stack(0x000000deeb500000,0x000000deeb600000) (1024K)]
  0x0000020ab53bddb0 JavaThread "Common-Cleaner"             daemon [_thread_blocked, id=15956, stack(0x000000deeb600000,0x000000deeb700000) (1024K)]
  0x0000020ab5758700 JavaThread "Java2D Disposer"            daemon [_thread_blocked, id=4340, stack(0x000000deeb700000,0x000000deeb800000) (1024K)]
  0x0000020ab5758eb0 JavaThread "AWT-Shutdown"                      [_thread_blocked, id=12064, stack(0x000000deeb800000,0x000000deeb900000) (1024K)]
  0x0000020ab5759660 JavaThread "AWT-Windows"                daemon [_thread_in_native, id=6164, stack(0x000000deeb900000,0x000000deeba00000) (1024K)]
  0x0000020aba3ba8f0 JavaThread "AWT-EventQueue-0"                  [_thread_blocked, id=3740, stack(0x000000deebd00000,0x000000deebe00000) (1024K)]
  0x0000020a962d3b20 JavaThread "DestroyJavaVM"                     [_thread_blocked, id=9640, stack(0x000000deea400000,0x000000deea500000) (1024K)]
  0x0000020aba64ddb0 JavaThread "TimerQueue"                 daemon [_thread_blocked, id=14568, stack(0x000000deec200000,0x000000deec300000) (1024K)]
  0x0000020ab550ea00 JavaThread "mysql-cj-abandoned-connection-cleanup" daemon [_thread_blocked, id=7020, stack(0x000000deec300000,0x000000deec400000) (1024K)]
=>0x0000020ab57907c0 JavaThread "C2 CompilerThread1"         daemon [_thread_in_native, id=4784, stack(0x000000deec400000,0x000000deec500000) (1024K)]
Total: 18

Other Threads:
  0x0000020a98770400 VMThread "VM Thread"                           [id=18280, stack(0x000000deeac00000,0x000000deead00000) (1024K)]
  0x0000020a98717f00 WatcherThread "VM Periodic Task Thread"        [id=14624, stack(0x000000deeab00000,0x000000deeac00000) (1024K)]
  0x0000020a986fb6e0 WorkerThread "GC Thread#0"                     [id=12232, stack(0x000000deea500000,0x000000deea600000) (1024K)]
  0x0000020aba35f8d0 WorkerThread "GC Thread#1"                     [id=12236, stack(0x000000deeba00000,0x000000deebb00000) (1024K)]
  0x0000020aba35fcf0 WorkerThread "GC Thread#2"                     [id=15260, stack(0x000000deebb00000,0x000000deebc00000) (1024K)]
  0x0000020aba360520 WorkerThread "GC Thread#3"                     [id=10116, stack(0x000000deebc00000,0x000000deebd00000) (1024K)]
  0x0000020a987140c0 ConcurrentGCThread "G1 Main Marker"            [id=10348, stack(0x000000deea600000,0x000000deea700000) (1024K)]
  0x0000020a98715a90 WorkerThread "G1 Conc#0"                       [id=17940, stack(0x000000deea700000,0x000000deea800000) (1024K)]
  0x0000020a98746640 WorkerThread "G1 Refinement Workers#0"         [id=18368, stack(0x000000deea900000,0x000000deeaa00000) (1024K)]
  0x0000020a987451c0 ConcurrentGCThread "G1 Refine Control"         [id=9228, stack(0x000000deea800000,0x000000deea900000) (1024K)]
  0x0000020a9874ea70 ConcurrentGCThread "G1 Service"                [id=11952, stack(0x000000deeaa00000,0x000000deeab00000) (1024K)]
Total: 11

Threads with active compile tasks:
C2 CompilerThread1  37133 2429       4       sun.security.ec.ECOperations::setDouble (463 bytes)
Total: 1

VM state: not at safepoint (normal execution)

VM Mutex/Monitor currently owned by a thread: None

Heap address: 0x0000000082800000, size: 2008 MB, Compressed Oops mode: 32-bit

CDS archive(s) mapped at: [0x0000000022000000-0x0000000022de0000-0x0000000022de0000), size 14548992, SharedBaseAddress: 0x0000000022000000, ArchiveRelocationMode: 1.
Compressed class space mapped at: 0x0000000023000000-0x0000000063000000, reserved size: 1073741824
UseCompressedClassPointers 1, UseCompactObjectHeaders 0
Narrow klass pointer bits 32, Max shift 3
Narrow klass base: 0x0000000022000000, Narrow klass shift: 0
Encoding Range: [0x0000000022000000 - 0x0000000122000000), (4294967296 bytes)
Klass Range:    [0x0000000022000000 - 0x0000000063000000), (1090519040 bytes)
Klass ID Range:  [8 - 1090519033) (1090519025)
Protection zone: [0x0000000022000000 - 0x0000000022010000), (65536 bytes)

GC Precious Log:
 CardTable entry size: 512
 Card Set container configuration: InlinePtr #cards 5 size 8 Array Of Cards #cards 10 size 36 Howl #buckets 4 coarsen threshold 1843 Howl Bitmap #cards 512 size 80 coarsen threshold 460 Card regions per heap region 1 cards per card region 2048
 CPUs: 4 total, 4 available
 Memory: 8025M
 Large Page Support: Disabled
 NUMA Support: Disabled
 Compressed Oops: Enabled (32-bit)
 Heap Region Size: 1M
 Heap Min Capacity: 8M
 Heap Initial Capacity: 8M
 Heap Max Capacity: 2008M
 Pre-touch: Disabled
 Parallel Workers: 4
 Concurrent Workers: 1
 Concurrent Refinement Workers: 4
 Periodic GC: Disabled

Heap:
 garbage-first heap   total reserved 2056192K, committed 30720K, used 13985K [0x0000000082800000, 0x0000000100000000)
  region size 1M, 9 eden (9M), 2 survivor (2M), 4 old (4M), 1 humongous (1M), 14 free (14M)

Heap Regions: E=young(eden), S=young(survivor), O=old, HS=humongous(starts), HC=humongous(continues), CS=collection set, F=free, TAMS=top-at-mark-start, PB=parsable bottom
|    0|0x0000000082800000, 0x0000000082900000, 0x0000000082900000|100%| O|  |TAMS 0x0000000082800000| PB 0x0000000082800000| Untracked |  0
|    1|0x0000000082900000, 0x0000000082a00000, 0x0000000082a00000|100%| O|  |TAMS 0x0000000082900000| PB 0x0000000082900000| Untracked |  0
|    2|0x0000000082a00000, 0x0000000082b00000, 0x0000000082b00000|100%|HS|  |TAMS 0x0000000082a00000| PB 0x0000000082a00000| Complete  |  0
|    3|0x0000000082b00000, 0x0000000082b00000, 0x0000000082c00000|  0%| F|  |TAMS 0x0000000082b00000| PB 0x0000000082b00000| Untracked |  0
|    4|0x0000000082c00000, 0x0000000082c56878, 0x0000000082d00000| 33%| O|  |TAMS 0x0000000082c00000| PB 0x0000000082c00000| Untracked |  0
|    5|0x0000000082d00000, 0x0000000082d00000, 0x0000000082e00000|  0%| F|  |TAMS 0x0000000082d00000| PB 0x0000000082d00000| Untracked |  0
|    6|0x0000000082e00000, 0x0000000082e00000, 0x0000000082f00000|  0%| F|  |TAMS 0x0000000082e00000| PB 0x0000000082e00000| Untracked |  0
|    7|0x0000000082f00000, 0x0000000082f00000, 0x0000000083000000|  0%| F|  |TAMS 0x0000000082f00000| PB 0x0000000082f00000| Untracked |  0
|    8|0x0000000083000000, 0x0000000083000000, 0x0000000083100000|  0%| F|  |TAMS 0x0000000083000000| PB 0x0000000083000000| Untracked |  0
|    9|0x0000000083100000, 0x0000000083100000, 0x0000000083200000|  0%| F|  |TAMS 0x0000000083100000| PB 0x0000000083100000| Untracked |  0
|   10|0x0000000083200000, 0x0000000083200000, 0x0000000083300000|  0%| F|  |TAMS 0x0000000083200000| PB 0x0000000083200000| Untracked |  0
|   11|0x0000000083300000, 0x0000000083300000, 0x0000000083400000|  0%| F|  |TAMS 0x0000000083300000| PB 0x0000000083300000| Untracked |  0
|   12|0x0000000083400000, 0x0000000083400000, 0x0000000083500000|  0%| F|  |TAMS 0x0000000083400000| PB 0x0000000083400000| Untracked |  0
|   13|0x0000000083500000, 0x0000000083500000, 0x0000000083600000|  0%| F|  |TAMS 0x0000000083500000| PB 0x0000000083500000| Untracked |  0
|   14|0x0000000083600000, 0x0000000083651dc0, 0x0000000083700000| 31%| S|CS|TAMS 0x0000000083600000| PB 0x0000000083600000| Complete  |  0
|   15|0x0000000083700000, 0x0000000083800000, 0x0000000083800000|100%| S|CS|TAMS 0x0000000083700000| PB 0x0000000083700000| Complete  |  0
|   16|0x0000000083800000, 0x0000000083800000, 0x0000000083900000|  0%| F|  |TAMS 0x0000000083800000| PB 0x0000000083800000| Untracked |  0
|   17|0x0000000083900000, 0x0000000083900000, 0x0000000083a00000|  0%| F|  |TAMS 0x0000000083900000| PB 0x0000000083900000| Untracked |  0
|   18|0x0000000083a00000, 0x0000000083a00000, 0x0000000083b00000|  0%| F|  |TAMS 0x0000000083a00000| PB 0x0000000083a00000| Untracked |  0
|   19|0x0000000083b00000, 0x0000000083b00000, 0x0000000083c00000|  0%| F|  |TAMS 0x0000000083b00000| PB 0x0000000083b00000| Untracked |  0
|   20|0x0000000083c00000, 0x0000000083c5e880, 0x0000000083d00000| 36%| E|CS|TAMS 0x0000000083c00000| PB 0x0000000083c00000| Complete  |  0
|   21|0x0000000083d00000, 0x0000000083e00000, 0x0000000083e00000|100%| E|CS|TAMS 0x0000000083d00000| PB 0x0000000083d00000| Complete  |  0
|   22|0x0000000083e00000, 0x0000000083f00000, 0x0000000083f00000|100%| E|CS|TAMS 0x0000000083e00000| PB 0x0000000083e00000| Complete  |  0
|   23|0x0000000083f00000, 0x0000000084000000, 0x0000000084000000|100%| E|CS|TAMS 0x0000000083f00000| PB 0x0000000083f00000| Complete  |  0
|   24|0x0000000084000000, 0x0000000084100000, 0x0000000084100000|100%| E|CS|TAMS 0x0000000084000000| PB 0x0000000084000000| Complete  |  0
|   25|0x0000000084100000, 0x0000000084200000, 0x0000000084200000|100%| E|CS|TAMS 0x0000000084100000| PB 0x0000000084100000| Complete  |  0
|   26|0x0000000084200000, 0x0000000084300000, 0x0000000084300000|100%| E|CS|TAMS 0x0000000084200000| PB 0x0000000084200000| Complete  |  0
|   27|0x0000000084300000, 0x0000000084400000, 0x0000000084400000|100%| E|CS|TAMS 0x0000000084300000| PB 0x0000000084300000| Complete  |  0
| 2006|0x00000000ffe00000, 0x00000000fff00000, 0x00000000fff00000|100%| O|  |TAMS 0x00000000ffe00000| PB 0x00000000ffe00000| Untracked |  0
| 2007|0x00000000fff00000, 0x0000000100000000, 0x0000000100000000|100%| E|CS|TAMS 0x00000000fff00000| PB 0x00000000fff00000| Complete  |  0

Card table byte_map: [0x0000020ab0b40000,0x0000020ab0f30000] _byte_map_base: 0x0000020ab072c000
Refinement table byte_map: [0x0000020ab0750000,0x0000020ab0b40000] _byte_map_base: 0x0000020ab033c000

Marking Bits: (CMBitMap*) 0x0000020a986fbe60
 Bits: [0x0000020ab0f30000, 0x0000020ab2e90000)

Polling page: 0x0000020a964f0000

Metaspace:
Metaspace        used 20001K, committed 20224K, reserved 1114112K
 class space     used 2233K, committed 2304K, reserved 1048576K

Usage:
  Non-class:     17.35 MB used.
      Class:      2.18 MB used.
       Both:     19.53 MB used.

Virtual space:
  Non-class space:       64.00 MB reserved,      17.50 MB ( 27%) committed,  1 nodes.
      Class space:        1.00 GB reserved,       2.25 MB ( <1%) committed,  1 nodes.
             Both:        1.06 GB reserved,      19.75 MB (  2%) committed. 

Chunk freelists:
   Non-Class:  14.08 MB
       Class:  13.70 MB
        Both:  27.78 MB

MaxMetaspaceSize: unlimited
CompressedClassSpaceSize: 1.00 GB
Initial GC threshold: 21.00 MB
Current GC threshold: 21.00 MB
CDS: on
 - commit_granule_bytes: 65536.
 - commit_granule_words: 8192.
 - virtual_space_node_default_size: 8388608.
 - enlarge_chunks_in_place: 1.
UseCompressedClassPointers 1, UseCompactObjectHeaders 0
Narrow klass pointer bits 32, Max shift 3
Narrow klass base: 0x0000000022000000, Narrow klass shift: 0
Encoding Range: [0x0000000022000000 - 0x0000000122000000), (4294967296 bytes)
Klass Range:    [0x0000000022000000 - 0x0000000063000000), (1090519040 bytes)
Klass ID Range:  [8 - 1090519033) (1090519025)
Protection zone: [0x0000000022000000 - 0x0000000022010000), (65536 bytes)


Internal statistics:

num_allocs_failed_limit: 0.
num_arena_births: 152.
num_arena_deaths: 0.
num_vsnodes_births: 2.
num_vsnodes_deaths: 0.
num_space_committed: 316.
num_space_uncommitted: 0.
num_chunks_returned_to_freelist: 0.
num_chunks_taken_from_freelist: 359.
num_chunk_merges: 0.
num_chunk_splits: 214.
num_chunks_enlarged: 114.
num_inconsistent_stats: 0.

CodeHeap 'non-profiled nmethods': size=120064Kb used=694Kb max_used=694Kb free=119369Kb
 bounds [0x0000020aa8e20000, 0x0000020aa9090000, 0x0000020ab0360000]
CodeHeap 'profiled nmethods': size=120000Kb used=3681Kb max_used=3681Kb free=116318Kb
 bounds [0x0000020aa1360000, 0x0000020aa1700000, 0x0000020aa8890000]
CodeHeap 'non-nmethods': size=5696Kb used=1700Kb max_used=1719Kb free=3996Kb
 bounds [0x0000020aa8890000, 0x0000020aa8b00000, 0x0000020aa8e20000]
CodeCache: size=245760Kb, used=6075Kb, max_used=6094Kb, free=239683Kb
 total_blobs=3416, nmethods=2608, adapters=710, full_count=0
Compilation: enabled, stopped_count=0, restarted_count=0

Compilation events (20 events):
Event: 36.413 Thread 0x0000020ab5310b30 nmethod 2594 0x0000020aa16f1808 code [0x0000020aa16f1900, 0x0000020aa16f1d78]
Event: 36.413 Thread 0x0000020ab5310b30 2595       3       java.nio.charset.Charset::forName (20 bytes)
Event: 36.413 Thread 0x0000020ab52f7a40 nmethod 2592 0x0000020aa8ecbf88 code [0x0000020aa8ecc080, 0x0000020aa8ecc238]
Event: 36.413 Thread 0x0000020ab5310b30 nmethod 2595 0x0000020aa16f1d88 code [0x0000020aa16f1e80, 0x0000020aa16f20a0]
Event: 36.415 Thread 0x0000020ab5310b30 2596       3       java.lang.ClassLoader::definePackage (85 bytes)
Event: 36.416 Thread 0x0000020ab5310b30 nmethod 2596 0x0000020aa16f2108 code [0x0000020aa16f2200, 0x0000020aa16f3378]
Event: 36.416 Thread 0x0000020ab5310b30 2597       3       java.lang.Package::isSealed (26 bytes)
Event: 36.416 Thread 0x0000020ab5310b30 nmethod 2597 0x0000020aa16f3388 code [0x0000020aa16f3480, 0x0000020aa16f37c0]
Event: 36.417 Thread 0x0000020ab5310b30 2598       3       jdk.internal.loader.BuiltinClassLoader::isSealed (71 bytes)
Event: 36.419 Thread 0x0000020ab5310b30 nmethod 2598 0x0000020aa16f3808 code [0x0000020aa16f3900, 0x0000020aa16f5420]
Event: 36.424 Thread 0x0000020ab5310b30 2599       3       java.nio.ByteBuffer::arrayOffset (35 bytes)
Event: 36.424 Thread 0x0000020ab5310b30 nmethod 2599 0x0000020aa16f5488 code [0x0000020aa16f5580, 0x0000020aa16f5838]
Event: 36.424 Thread 0x0000020ab5310b30 2600       3       jdk.internal.misc.Unsafe::putLongUnaligned (14 bytes)
Event: 36.424 Thread 0x0000020ab5310b30 nmethod 2600 0x0000020aa16f5888 code [0x0000020aa16f5980, 0x0000020aa16f5b80]
Event: 36.426 Thread 0x0000020ab5310b30 2601       3       java.nio.HeapByteBuffer::get (64 bytes)
Event: 36.427 Thread 0x0000020ab5310b30 nmethod 2601 0x0000020aa16f5b88 code [0x0000020aa16f5c80, 0x0000020aa16f6c20]
Event: 36.432 Thread 0x0000020ab5310b30 2603       3       sun.java2d.marlin.Helpers::outcode (70 bytes)
Event: 36.432 Thread 0x0000020ab5310b30 nmethod 2603 0x0000020aa16f6c88 code [0x0000020aa16f6d80, 0x0000020aa16f7090]
Event: 36.432 Thread 0x0000020ab5310b30 2604       3       sun.java2d.marlin.Renderer::tosubpixx (6 bytes)
Event: 36.432 Thread 0x0000020ab5310b30 nmethod 2604 0x0000020aa16f7108 code [0x0000020aa16f7220, 0x0000020aa16f7300]

GC Heap Usage History (10 events):
Event: 0.387 {heap Before GC invocations=0 (full 0):
 garbage-first heap   total reserved 2056192K, committed 10240K, used 4259K [0x0000000082800000, 0x0000000100000000)
  region size 1M, 4 eden (4M), 0 survivor (0M), 2 old (2M), 0 humongous (0M), 4 free (4M)
}
Event: 0.391 {heap After GC invocations=1 (full 0):
 garbage-first heap   total reserved 2056192K, committed 10240K, used 2056K [0x0000000082800000, 0x0000000100000000)
  region size 1M, 0 eden (0M), 1 survivor (1M), 2 old (2M), 0 humongous (0M), 7 free (7M)
}
Event: 0.656 {heap Before GC invocations=1 (full 0):
 garbage-first heap   total reserved 2056192K, committed 10240K, used 5128K [0x0000000082800000, 0x0000000100000000)
  region size 1M, 3 eden (3M), 1 survivor (1M), 2 old (2M), 0 humongous (0M), 4 free (4M)
}
Event: 0.659 {heap After GC invocations=2 (full 0):
 garbage-first heap   total reserved 2056192K, committed 10240K, used 2695K [0x0000000082800000, 0x0000000100000000)
  region size 1M, 0 eden (0M), 1 survivor (1M), 3 old (3M), 0 humongous (0M), 6 free (6M)
}
Event: 0.964 {heap Before GC invocations=2 (full 0):
 garbage-first heap   total reserved 2056192K, committed 10240K, used 3719K [0x0000000082800000, 0x0000000100000000)
  region size 1M, 3 eden (3M), 1 survivor (1M), 3 old (3M), 0 humongous (0M), 3 free (3M)
}
Event: 0.967 {heap After GC invocations=3 (full 0):
 garbage-first heap   total reserved 2056192K, committed 10240K, used 3366K [0x0000000082800000, 0x0000000100000000)
  region size 1M, 0 eden (0M), 1 survivor (1M), 4 old (4M), 0 humongous (0M), 5 free (5M)
}
Event: 9.406 {heap Before GC invocations=4 (full 0):
 garbage-first heap   total reserved 2056192K, committed 10240K, used 6438K [0x0000000082800000, 0x0000000100000000)
  region size 1M, 2 eden (2M), 1 survivor (1M), 4 old (4M), 1 humongous (1M), 2 free (2M)
}
Event: 9.412 {heap After GC invocations=5 (full 0):
 garbage-first heap   total reserved 2056192K, committed 30720K, used 4958K [0x0000000082800000, 0x0000000100000000)
  region size 1M, 0 eden (0M), 1 survivor (1M), 5 old (5M), 1 humongous (1M), 23 free (23M)
}
Event: 35.891 {heap Before GC invocations=5 (full 0):
 garbage-first heap   total reserved 2056192K, committed 30720K, used 16222K [0x0000000082800000, 0x0000000100000000)
  region size 1M, 12 eden (12M), 1 survivor (1M), 5 old (5M), 1 humongous (1M), 11 free (11M)
}
Event: 35.894 {heap After GC invocations=6 (full 0):
 garbage-first heap   total reserved 2056192K, committed 30720K, used 5793K [0x0000000082800000, 0x0000000100000000)
  region size 1M, 0 eden (0M), 2 survivor (2M), 4 old (4M), 1 humongous (1M), 23 free (23M)
}

Metaspace Usage History (10 events):
Event: 0.387 {metaspace Before GC invocations=0 (full 0):
 Metaspace       used 3300K, committed 3456K, reserved 1114112K
  class space    used 313K, committed 384K, reserved 1048576K
}
Event: 0.391 {metaspace After GC invocations=1 (full 0):
 Metaspace       used 3300K, committed 3456K, reserved 1114112K
  class space    used 313K, committed 384K, reserved 1048576K
}
Event: 0.656 {metaspace Before GC invocations=1 (full 0):
 Metaspace       used 7226K, committed 7488K, reserved 1114112K
  class space    used 829K, committed 960K, reserved 1048576K
}
Event: 0.659 {metaspace After GC invocations=2 (full 0):
 Metaspace       used 7226K, committed 7488K, reserved 1114112K
  class space    used 829K, committed 960K, reserved 1048576K
}
Event: 0.964 {metaspace Before GC invocations=2 (full 0):
 Metaspace       used 9316K, committed 9472K, reserved 1114112K
  class space    used 1064K, committed 1152K, reserved 1048576K
}
Event: 0.967 {metaspace After GC invocations=3 (full 0):
 Metaspace       used 9316K, committed 9472K, reserved 1114112K
  class space    used 1064K, committed 1152K, reserved 1048576K
}
Event: 9.406 {metaspace Before GC invocations=4 (full 0):
 Metaspace       used 10488K, committed 10688K, reserved 1114112K
  class space    used 1188K, committed 1280K, reserved 1048576K
}
Event: 9.412 {metaspace After GC invocations=5 (full 0):
 Metaspace       used 10488K, committed 10688K, reserved 1114112K
  class space    used 1188K, committed 1280K, reserved 1048576K
}
Event: 35.891 {metaspace Before GC invocations=5 (full 0):
 Metaspace       used 13568K, committed 13824K, reserved 1114112K
  class space    used 1462K, committed 1600K, reserved 1048576K
}
Event: 35.894 {metaspace After GC invocations=6 (full 0):
 Metaspace       used 13568K, committed 13824K, reserved 1114112K
  class space    used 1462K, committed 1600K, reserved 1048576K
}

Dll operation events (20 events):
Event: 0.017 Attempting to load shared library C:\Program Files\Java\jdk-26\bin\java.dll
Event: 0.020 Loaded shared library C:\Program Files\Java\jdk-26\bin\java.dll
Event: 0.130 Attempting to load shared library C:\Program Files\Java\jdk-26\bin\jimage.dll
Event: 0.130 Loaded shared library C:\Program Files\Java\jdk-26\bin\jimage.dll
Event: 0.131 Attempting to load shared library C:\Program Files\Java\jdk-26\bin\net.dll
Event: 0.132 Loaded shared library C:\Program Files\Java\jdk-26\bin\net.dll
Event: 0.133 Attempting to load shared library C:\Program Files\Java\jdk-26\bin\nio.dll
Event: 0.134 Loaded shared library C:\Program Files\Java\jdk-26\bin\nio.dll
Event: 0.151 Attempting to load shared library C:\Program Files\Java\jdk-26\bin\zip.dll
Event: 0.151 Loaded shared library C:\Program Files\Java\jdk-26\bin\zip.dll
Event: 0.168 Attempting to load shared library C:\Program Files\Java\jdk-26\bin\awt.dll
Event: 0.171 Loaded shared library C:\Program Files\Java\jdk-26\bin\awt.dll
Event: 0.425 Attempting to load shared library C:\Program Files\Java\jdk-26\bin\freetype.dll
Event: 0.426 Loaded shared library C:\Program Files\Java\jdk-26\bin\freetype.dll
Event: 0.427 Attempting to load shared library C:\Program Files\Java\jdk-26\bin\fontmanager.dll
Event: 0.427 Loaded shared library C:\Program Files\Java\jdk-26\bin\fontmanager.dll
Event: 35.852 Attempting to load shared library C:\Program Files\Java\jdk-26\bin\extnet.dll
Event: 35.852 Loaded shared library C:\Program Files\Java\jdk-26\bin\extnet.dll
Event: 36.107 Attempting to load shared library C:\Program Files\Java\jdk-26\bin\sunmscapi.dll
Event: 36.109 Loaded shared library C:\Program Files\Java\jdk-26\bin\sunmscapi.dll

Deoptimization events (20 events):
Event: 36.358 Thread 0x0000020aba3ba8f0 Uncommon trap: trap_request=0xffffffde fr.pc=0x0000020aa8eb1eb8 relative=0x0000000000000d38
Event: 36.358 Thread 0x0000020aba3ba8f0 Uncommon trap: reason=class_check action=maybe_recompile pc=0x0000020aa8eb1eb8 method=java.util.HashMap.putVal(ILjava/lang/Object;Ljava/lang/Object;ZZ)Ljava/lang/Object; @ 253 c2
Event: 36.358 Thread 0x0000020aba3ba8f0 DEOPT PACKING pc=0x0000020aa8eb1eb8 sp=0x000000deebdfd3e0
Event: 36.358 Thread 0x0000020aba3ba8f0 DEOPT UNPACKING pc=0x0000020aa891e982 sp=0x000000deebdfd360 mode 2
Event: 36.414 Thread 0x0000020aba3ba8f0 Uncommon trap: trap_request=0xffffffde fr.pc=0x0000020aa8ecc190 relative=0x0000000000000110
Event: 36.414 Thread 0x0000020aba3ba8f0 Uncommon trap: reason=class_check action=maybe_recompile pc=0x0000020aa8ecc190 method=jdk.internal.misc.Unsafe.allocateUninitializedArray(Ljava/lang/Class;I)Ljava/lang/Object; @ 51 c2
Event: 36.414 Thread 0x0000020aba3ba8f0 DEOPT PACKING pc=0x0000020aa8ecc190 sp=0x000000deebdfcde0
Event: 36.414 Thread 0x0000020aba3ba8f0 DEOPT UNPACKING pc=0x0000020aa891e982 sp=0x000000deebdfcd58 mode 2
Event: 36.414 Thread 0x0000020aba3ba8f0 Uncommon trap: trap_request=0xffffffde fr.pc=0x0000020aa8ecc190 relative=0x0000000000000110
Event: 36.414 Thread 0x0000020aba3ba8f0 Uncommon trap: reason=class_check action=maybe_recompile pc=0x0000020aa8ecc190 method=jdk.internal.misc.Unsafe.allocateUninitializedArray(Ljava/lang/Class;I)Ljava/lang/Object; @ 51 c2
Event: 36.414 Thread 0x0000020aba3ba8f0 DEOPT PACKING pc=0x0000020aa8ecc190 sp=0x000000deebdfc9a0
Event: 36.414 Thread 0x0000020aba3ba8f0 DEOPT UNPACKING pc=0x0000020aa891e982 sp=0x000000deebdfc918 mode 2
Event: 36.414 Thread 0x0000020aba3ba8f0 Uncommon trap: trap_request=0xffffffde fr.pc=0x0000020aa8ecc190 relative=0x0000000000000110
Event: 36.414 Thread 0x0000020aba3ba8f0 Uncommon trap: reason=class_check action=maybe_recompile pc=0x0000020aa8ecc190 method=jdk.internal.misc.Unsafe.allocateUninitializedArray(Ljava/lang/Class;I)Ljava/lang/Object; @ 51 c2
Event: 36.414 Thread 0x0000020aba3ba8f0 DEOPT PACKING pc=0x0000020aa8ecc190 sp=0x000000deebdfcb00
Event: 36.414 Thread 0x0000020aba3ba8f0 DEOPT UNPACKING pc=0x0000020aa891e982 sp=0x000000deebdfca78 mode 2
Event: 36.415 Thread 0x0000020aba3ba8f0 Uncommon trap: trap_request=0xffffffde fr.pc=0x0000020aa8ecc190 relative=0x0000000000000110
Event: 36.415 Thread 0x0000020aba3ba8f0 Uncommon trap: reason=class_check action=maybe_recompile pc=0x0000020aa8ecc190 method=jdk.internal.misc.Unsafe.allocateUninitializedArray(Ljava/lang/Class;I)Ljava/lang/Object; @ 51 c2
Event: 36.415 Thread 0x0000020aba3ba8f0 DEOPT PACKING pc=0x0000020aa8ecc190 sp=0x000000deebdfb4b0
Event: 36.415 Thread 0x0000020aba3ba8f0 DEOPT UNPACKING pc=0x0000020aa891e982 sp=0x000000deebdfb428 mode 2

Classes loaded (20 events):
Event: 36.356 Loading class sun/security/ssl/NewSessionTicket$NewSessionTicketMessage done
Event: 36.356 Loading class sun/security/ssl/NewSessionTicket$T13NewSessionTicketMessage done
Event: 36.357 Loading class sun/security/util/MemoryCache$QueueCacheEntry
Event: 36.357 Loading class sun/security/util/MemoryCache$QueueCacheEntry done
Event: 36.400 Loading class java/util/NoSuchElementException
Event: 36.400 Loading class java/util/NoSuchElementException done
Event: 36.408 Loading class java/util/TimerTask
Event: 36.408 Loading class java/util/TimerTask done
Event: 36.411 Loading class java/util/RegularEnumSet$EnumSetIterator
Event: 36.411 Loading class java/util/RegularEnumSet$EnumSetIterator done
Event: 36.425 Loading class sun/security/ssl/Alert
Event: 36.425 Loading class sun/security/ssl/Alert done
Event: 36.425 Loading class sun/security/ssl/Alert$AlertConsumer
Event: 36.426 Loading class sun/security/ssl/Alert$AlertConsumer done
Event: 36.426 Loading class sun/security/ssl/Alert$Level
Event: 36.426 Loading class sun/security/ssl/Alert$Level done
Event: 36.426 Loading class java/io/InterruptedIOException
Event: 36.426 Loading class java/io/InterruptedIOException done
Event: 36.427 Loading class java/lang/StackTraceElement$HashedModules
Event: 36.427 Loading class java/lang/StackTraceElement$HashedModules done

Classes unloaded (0 events):
No events

Classes redefined (0 events):
No events

Internal exceptions (20 events):
Event: 0.836 Thread 0x0000020aba3ba8f0 Exception <a 'java/io/FileNotFoundException'{0x0000000082e800c8}> (0x0000000082e800c8) 
thrown [s\open\src\hotspot\share\prims\jni.cpp, line 514]
Event: 0.836 Thread 0x0000020aba3ba8f0 Exception <a 'java/io/FileNotFoundException'{0x0000000082e81a60}> (0x0000000082e81a60) 
thrown [s\open\src\hotspot\share\prims\jni.cpp, line 514]
Event: 0.846 Thread 0x0000020aba3ba8f0 Exception <a 'java/lang/NoSuchMethodError'{0x0000000082e9c408}: 'void java.lang.invoke.DelegatingMethodHandle$Holder.reinvoke_L(java.lang.Object, java.lang.Object, java.lang.Object, long, float)'> (0x0000000082e9c408) 
thrown [s\open\src\hotspot\share\interpreter\linkResolver.cpp, line 804]
Event: 0.848 Thread 0x0000020aba3ba8f0 Exception <a 'java/lang/NoSuchMethodError'{0x0000000082eb4930}: 'java.lang.Object java.lang.invoke.DirectMethodHandle$Holder.invokeStatic(java.lang.Object, java.lang.Object, java.lang.Object, java.lang.Object, long)'> (0x0000000082eb4930) 
thrown [s\open\src\hotspot\share\interpreter\linkResolver.cpp, line 804]
Event: 0.851 Thread 0x0000020aba3ba8f0 Exception <a 'java/lang/NoSuchMethodError'{0x0000000082ed7798}: 'float java.lang.invoke.DelegatingMethodHandle$Holder.reinvoke_L(java.lang.Object, java.lang.Object, java.lang.Object, long)'> (0x0000000082ed7798) 
thrown [s\open\src\hotspot\share\interpreter\linkResolver.cpp, line 804]
Event: 35.618 Thread 0x0000020aba3ba8f0 Exception <a 'java/lang/NoSuchMethodError'{0x0000000083f3e7e8}: 'void java.lang.invoke.DirectMethodHandle$Holder.invokeStatic(java.lang.Object, java.lang.Object)'> (0x0000000083f3e7e8) 
thrown [s\open\src\hotspot\share\interpreter\linkResolver.cpp, line 804]
Event: 35.666 Thread 0x0000020aba3ba8f0 Exception <a 'java/lang/NoSuchMethodError'{0x0000000083e0e7f0}: 'java.lang.Object java.lang.invoke.DirectMethodHandle$Holder.invokeInterface(java.lang.Object, java.lang.Object)'> (0x0000000083e0e7f0) 
thrown [s\open\src\hotspot\share\interpreter\linkResolver.cpp, line 804]
Event: 35.729 Thread 0x0000020aba3ba8f0 Exception <a 'java/lang/NoSuchMethodError'{0x0000000083cc6010}: 'void java.lang.invoke.DirectMethodHandle$Holder.invokeStatic(java.lang.Object, java.lang.Object, java.lang.Object)'> (0x0000000083cc6010) 
thrown [s\open\src\hotspot\share\interpreter\linkResolver.cpp, line 804]
Event: 35.732 Thread 0x0000020aba3ba8f0 Exception <a 'java/lang/NoSuchMethodError'{0x0000000083cde308}: 'java.lang.Object java.lang.invoke.DirectMethodHandle$Holder.invokeVirtual(java.lang.Object, java.lang.Object, java.lang.Object)'> (0x0000000083cde308) 
thrown [s\open\src\hotspot\share\interpreter\linkResolver.cpp, line 804]
Event: 35.973 Thread 0x0000020aba3ba8f0 Exception <a 'java/lang/NoSuchMethodError'{0x0000000084244990}: 'void java.lang.invoke.DirectMethodHandle$Holder.invokeStaticInit(java.lang.Object, java.lang.Object)'> (0x0000000084244990) 
thrown [s\open\src\hotspot\share\interpreter\linkResolver.cpp, line 804]
Event: 36.036 Thread 0x0000020aba3ba8f0 Exception <a 'sun/nio/fs/WindowsException'{0x00000000841a53c8}> (0x00000000841a53c8) 
thrown [s\open\src\hotspot\share\prims\jni.cpp, line 514]
Event: 36.075 Thread 0x0000020aba3ba8f0 Exception <a 'java/lang/NoSuchMethodError'{0x0000000084054840}: 'java.lang.Object java.lang.invoke.DirectMethodHandle$Holder.invokeStaticInit(java.lang.Object, int, int, int, int)'> (0x0000000084054840) 
thrown [s\open\src\hotspot\share\interpreter\linkResolver.cpp, line 804]
Event: 36.090 Thread 0x0000020aba3ba8f0 Exception <a 'java/lang/NoSuchMethodError'{0x0000000084081ed8}: 'java.lang.Object java.lang.invoke.DirectMethodHandle$Holder.invokeStaticInit(java.lang.Object, java.lang.Object, int, int, int, int)'> (0x0000000084081ed8) 
thrown [s\open\src\hotspot\share\interpreter\linkResolver.cpp, line 804]
Event: 36.133 Thread 0x0000020aba3ba8f0 Exception <a 'java/lang/NoSuchMethodError'{0x0000000083f12380}: 'int java.lang.invoke.DirectMethodHandle$Holder.invokeStaticInit(java.lang.Object, java.lang.Object)'> (0x0000000083f12380) 
thrown [s\open\src\hotspot\share\interpreter\linkResolver.cpp, line 804]
Event: 36.135 Thread 0x0000020aba3ba8f0 Exception <a 'java/lang/NoSuchMethodError'{0x0000000083f28f48}: 'java.lang.Object java.lang.invoke.DirectMethodHandle$Holder.invokeStaticInit(java.lang.Object, int)'> (0x0000000083f28f48) 
thrown [s\open\src\hotspot\share\interpreter\linkResolver.cpp, line 804]
Event: 36.267 Thread 0x0000020aba3ba8f0 Exception <a 'java/lang/NoSuchMethodError'{0x0000000083ffa000}: 'java.lang.Object java.lang.invoke.Invokers$Holder.invoke_MT(java.lang.Object, java.lang.Object, java.lang.Object, java.lang.Object, java.lang.Object, java.lang.Object)'> (0x0000000083ffa000) 
thrown [s\open\src\hotspot\share\interpreter\linkResolver.cpp, line 804]
Event: 36.268 Thread 0x0000020aba3ba8f0 Exception <a 'java/lang/NoSuchMethodError'{0x0000000083e03218}: 'java.lang.Object java.lang.invoke.DirectMethodHandle$Holder.invokeStatic(java.lang.Object, java.lang.Object, int)'> (0x0000000083e03218) 
thrown [s\open\src\hotspot\share\interpreter\linkResolver.cpp, line 804]
Event: 36.272 Thread 0x0000020aba3ba8f0 Exception <a 'java/lang/NoSuchMethodError'{0x0000000083e24798}: 'void java.lang.invoke.DelegatingMethodHandle$Holder.delegate(java.lang.Object, java.lang.Object, int, java.lang.Object)'> (0x0000000083e24798) 
thrown [s\open\src\hotspot\share\interpreter\linkResolver.cpp, line 804]
Event: 36.426 Thread 0x0000020aba3ba8f0 Exception <a 'java/io/IOException'{0x0000000083dfc4d0}> (0x0000000083dfc4d0) 
thrown [s\open\src\hotspot\share\prims\jni.cpp, line 514]
Event: 36.428 Thread 0x0000020aba3ba8f0 Exception <a 'java/lang/NoSuchMethodError'{0x0000000083c00078}: 'void java.lang.invoke.DirectMethodHandle$Holder.invokeInterface(java.lang.Object, java.lang.Object)'> (0x0000000083c00078) 
thrown [s\open\src\hotspot\share\interpreter\linkResolver.cpp, line 804]

VM Operations (20 events):
Event: 9.406 Executing safepoint VM operation: G1CollectForAllocation (G1 Evacuation Pause)
Event: 9.412 Executing safepoint VM operation: G1CollectForAllocation (G1 Evacuation Pause) done
Event: 35.621 Executing non-safepoint VM operation: HandshakeAllThreads (Deoptimize)
Event: 35.621 Executing non-safepoint VM operation: HandshakeAllThreads (Deoptimize) done
Event: 35.622 Executing non-safepoint VM operation: HandshakeAllThreads (Deoptimize)
Event: 35.622 Executing non-safepoint VM operation: HandshakeAllThreads (Deoptimize) done
Event: 35.632 Executing non-safepoint VM operation: HandshakeAllThreads (Deoptimize)
Event: 35.632 Executing non-safepoint VM operation: HandshakeAllThreads (Deoptimize) done
Event: 35.833 Executing non-safepoint VM operation: HandshakeAllThreads (Deoptimize)
Event: 35.833 Executing non-safepoint VM operation: HandshakeAllThreads (Deoptimize) done
Event: 35.891 Executing safepoint VM operation: G1CollectForAllocation (G1 Evacuation Pause)
Event: 35.894 Executing safepoint VM operation: G1CollectForAllocation (G1 Evacuation Pause) done
Event: 36.046 Executing non-safepoint VM operation: HandshakeAllThreads (Deoptimize)
Event: 36.046 Executing non-safepoint VM operation: HandshakeAllThreads (Deoptimize) done
Event: 36.266 Executing non-safepoint VM operation: HandshakeAllThreads (Deoptimize)
Event: 36.266 Executing non-safepoint VM operation: HandshakeAllThreads (Deoptimize) done
Event: 36.270 Executing non-safepoint VM operation: HandshakeAllThreads (Deoptimize)
Event: 36.270 Executing non-safepoint VM operation: HandshakeAllThreads (Deoptimize) done
Event: 36.299 Executing non-safepoint VM operation: HandshakeAllThreads (Deoptimize)
Event: 36.299 Executing non-safepoint VM operation: HandshakeAllThreads (Deoptimize) done

Memory protections (0 events):
No events

Nmethod flushes (0 events):
No events

Events (20 events):
Event: 0.048 Thread 0x0000020a962d3b20 Thread added: 0x0000020a962d3b20
Event: 0.073 Thread 0x0000020a962d3b20 Thread added: 0x0000020ab52e4000
Event: 0.073 Thread 0x0000020a962d3b20 Thread added: 0x0000020ab52e47b0
Event: 0.073 Thread 0x0000020a962d3b20 Thread added: 0x0000020ab52e6f70
Event: 0.073 Thread 0x0000020a962d3b20 Thread added: 0x0000020ab52e9a90
Event: 0.074 Thread 0x0000020a962d3b20 Thread added: 0x0000020ab52f2250
Event: 0.074 Thread 0x0000020a962d3b20 Thread added: 0x0000020ab52f2b30
Event: 0.074 Thread 0x0000020a962d3b20 Thread added: 0x0000020ab52f7a40
Event: 0.074 Thread 0x0000020a962d3b20 Thread added: 0x0000020ab5310b30
Event: 0.101 Thread 0x0000020a962d3b20 Thread added: 0x0000020ab53bd430
Event: 0.104 Thread 0x0000020a962d3b20 Thread added: 0x0000020ab53bddb0
Event: 0.250 Thread 0x0000020a962d3b20 Thread added: 0x0000020ab5758700
Event: 0.251 Thread 0x0000020a962d3b20 Thread added: 0x0000020ab5758eb0
Event: 0.268 Thread 0x0000020a962d3b20 Thread added: 0x0000020ab5759660
Event: 0.573 Thread 0x0000020a962d3b20 Thread added: 0x0000020aba3ba8f0
Event: 0.573 Thread 0x0000020a962d3b20 Thread exited: 0x0000020a962d3b20
Event: 0.573 Thread 0x0000020a962d3b20 Thread added: 0x0000020a962d3b20
Event: 1.068 Thread 0x0000020aba3ba8f0 Thread added: 0x0000020aba64ddb0
Event: 35.623 Thread 0x0000020aba3ba8f0 Thread added: 0x0000020ab550ea00
Event: 35.687 Thread 0x0000020ab5310b30 Thread added: 0x0000020ab57907c0


Dynamic libraries:
0x00007ff6a71c0000 - 0x00007ff6a71d0000 	C:\Program Files\Java\jdk-26\bin\java.exe
0x00007ffd37d60000 - 0x00007ffd37fc7000 	C:\WINDOWS\SYSTEM32\ntdll.dll
0x00007ffd35fb0000 - 0x00007ffd36079000 	C:\WINDOWS\System32\KERNEL32.DLL
0x00007ffd34d10000 - 0x00007ffd35101000 	C:\WINDOWS\System32\KERNELBASE.dll
0x00007ffd34a40000 - 0x00007ffd34b8b000 	C:\WINDOWS\System32\ucrtbase.dll
0x00007ffd20490000 - 0x00007ffd204a7000 	C:\Program Files\Java\jdk-26\bin\jli.dll
0x00007ffd2c9d0000 - 0x00007ffd2c9ee000 	C:\Program Files\Java\jdk-26\bin\VCRUNTIME140.dll
0x00007ffd35cc0000 - 0x00007ffd35e85000 	C:\WINDOWS\System32\USER32.dll
0x00007ffd351a0000 - 0x00007ffd351c7000 	C:\WINDOWS\System32\win32u.dll
0x00007ffd1e3d0000 - 0x00007ffd1e663000 	C:\WINDOWS\WinSxS\amd64_microsoft.windows.common-controls_6595b64144ccf1df_6.0.26100.8037_none_3e092faae333b53b\COMCTL32.dll
0x00007ffd36210000 - 0x00007ffd3623b000 	C:\WINDOWS\System32\GDI32.dll
0x00007ffd37440000 - 0x00007ffd374e9000 	C:\WINDOWS\System32\msvcrt.dll
0x00007ffd347a0000 - 0x00007ffd348cb000 	C:\WINDOWS\System32\gdi32full.dll
0x00007ffd34640000 - 0x00007ffd346e3000 	C:\WINDOWS\System32\msvcp_win.dll
0x00007ffd37ba0000 - 0x00007ffd37bd1000 	C:\WINDOWS\System32\IMM32.DLL
0x00007ffd2c970000 - 0x00007ffd2c97c000 	C:\Program Files\Java\jdk-26\bin\vcruntime140_1.dll
0x00007ffcc1a40000 - 0x00007ffcc1acd000 	C:\Program Files\Java\jdk-26\bin\msvcp140.dll
0x00007ffca8f80000 - 0x00007ffca9e4e000 	C:\Program Files\Java\jdk-26\bin\server\jvm.dll
0x00007ffd37c50000 - 0x00007ffd37d0b000 	C:\WINDOWS\System32\ADVAPI32.dll
0x00007ffd36240000 - 0x00007ffd362e7000 	C:\WINDOWS\System32\sechost.dll
0x00007ffd35e90000 - 0x00007ffd35fa8000 	C:\WINDOWS\System32\RPCRT4.dll
0x00007ffd36370000 - 0x00007ffd363e4000 	C:\WINDOWS\System32\WS2_32.dll
0x00007ffd344c0000 - 0x00007ffd3451e000 	C:\WINDOWS\SYSTEM32\POWRPROF.dll
0x00007ffd1e880000 - 0x00007ffd1e8b5000 	C:\WINDOWS\SYSTEM32\WINMM.dll
0x00007ffd24820000 - 0x00007ffd2482b000 	C:\WINDOWS\SYSTEM32\VERSION.dll
0x00007ffd34480000 - 0x00007ffd34494000 	C:\WINDOWS\SYSTEM32\UMPDC.dll
0x00007ffd333a0000 - 0x00007ffd333bb000 	C:\WINDOWS\SYSTEM32\kernel.appcore.dll
0x00007ffd29f30000 - 0x00007ffd29f3a000 	C:\Program Files\Java\jdk-26\bin\jimage.dll
0x00007ffd32680000 - 0x00007ffd328c2000 	C:\WINDOWS\SYSTEM32\DBGHELP.DLL
0x00007ffd37030000 - 0x00007ffd373b2000 	C:\WINDOWS\System32\combase.dll
0x00007ffd365d0000 - 0x00007ffd366a7000 	C:\WINDOWS\System32\OLEAUT32.dll
0x00007ffd19bf0000 - 0x00007ffd19c2b000 	C:\WINDOWS\SYSTEM32\dbgcore.DLL
0x00007ffd346f0000 - 0x00007ffd34795000 	C:\WINDOWS\System32\bcryptPrimitives.dll
0x00007ffd20150000 - 0x00007ffd2016f000 	C:\Program Files\Java\jdk-26\bin\java.dll
0x00007ffd36e90000 - 0x00007ffd37025000 	C:\WINDOWS\System32\ole32.dll
0x00007ffd366b0000 - 0x00007ffd36e0f000 	C:\WINDOWS\System32\SHELL32.dll
0x00007ffd348d0000 - 0x00007ffd34a3a000 	C:\WINDOWS\System32\wintypes.dll
0x00007ffd35290000 - 0x00007ffd35af4000 	C:\WINDOWS\System32\windows.storage.dll
0x00007ffd37520000 - 0x00007ffd37617000 	C:\WINDOWS\System32\SHCORE.dll
0x00007ffd36e20000 - 0x00007ffd36e87000 	C:\WINDOWS\System32\shlwapi.dll
0x00007ffd34560000 - 0x00007ffd34589000 	C:\WINDOWS\SYSTEM32\profapi.dll
0x00007ffd1fd90000 - 0x00007ffd1fda2000 	C:\Program Files\Java\jdk-26\bin\net.dll
0x00007ffd33920000 - 0x00007ffd3398b000 	C:\WINDOWS\system32\mswsock.dll
0x00007ffd1fd70000 - 0x00007ffd1fd86000 	C:\Program Files\Java\jdk-26\bin\nio.dll
0x00007ffd1ffa0000 - 0x00007ffd1ffb7000 	C:\Program Files\Java\jdk-26\bin\zip.dll
0x00007ffcac330000 - 0x00007ffcac4b5000 	C:\Program Files\Java\jdk-26\bin\awt.dll
0x00007ffd31a40000 - 0x00007ffd31adf000 	C:\WINDOWS\SYSTEM32\apphelp.dll
0x00007ffd31c60000 - 0x00007ffd31d0a000 	C:\WINDOWS\system32\uxtheme.dll
0x00007ffd360a0000 - 0x00007ffd361fd000 	C:\WINDOWS\System32\MSCTF.dll
0x00007ffd32010000 - 0x00007ffd3203e000 	C:\WINDOWS\system32\DWMAPI.DLL
0x00007ffcc19b0000 - 0x00007ffcc1a37000 	C:\Program Files\Java\jdk-26\bin\freetype.dll
0x00007ffcabb80000 - 0x00007ffcabc6f000 	C:\Program Files\Java\jdk-26\bin\fontmanager.dll
0x00007ffd14730000 - 0x00007ffd1483e000 	C:\WINDOWS\system32\opengl32.dll
0x00007ffd1ac00000 - 0x00007ffd1ac2d000 	C:\WINDOWS\SYSTEM32\GLU32.dll
0x00007ffd31e50000 - 0x00007ffd31e93000 	C:\WINDOWS\SYSTEM32\dxcore.dll
0x00007ffd35c00000 - 0x00007ffd35cae000 	C:\WINDOWS\System32\clbcatq.dll
0x00007ffd2fcd0000 - 0x00007ffd2fefd000 	C:\WINDOWS\SYSTEM32\WindowsCodecs.dll
0x00007ffd0fef0000 - 0x00007ffd0ff4a000 	C:\WINDOWS\system32\dataexchange.dll
0x00007ffd25540000 - 0x00007ffd25784000 	C:\WINDOWS\system32\twinapi.appcore.dll
0x00007ffd21940000 - 0x00007ffd21a88000 	C:\WINDOWS\SYSTEM32\textinputframework.dll
0x00007ffd14950000 - 0x00007ffd14d70000 	C:\Windows\System32\UIAutomationCore.DLL
0x00007ffd12ed0000 - 0x00007ffd12f46000 	C:\Windows\System32\OLEACC.dll
0x00007ffd31560000 - 0x00007ffd31687000 	C:\WINDOWS\SYSTEM32\CoreMessaging.dll
0x00007ffd2d090000 - 0x00007ffd2d372000 	C:\WINDOWS\SYSTEM32\CoreUIComponents.dll
0x00007ffd33c40000 - 0x00007ffd33c4c000 	C:\WINDOWS\SYSTEM32\CRYPTBASE.DLL
0x00007ffd32e10000 - 0x00007ffd32f3a000 	C:\WINDOWS\SYSTEM32\DNSAPI.dll
0x00007ffd32d80000 - 0x00007ffd32db3000 	C:\WINDOWS\SYSTEM32\IPHLPAPI.DLL
0x00007ffd36200000 - 0x00007ffd3620a000 	C:\WINDOWS\System32\NSI.dll
0x00007ffd2a400000 - 0x00007ffd2a40b000 	C:\Windows\System32\rasadhlp.dll
0x00007ffd261a0000 - 0x00007ffd26226000 	C:\WINDOWS\System32\fwpuclnt.dll
0x00007ffd202a0000 - 0x00007ffd202a9000 	C:\Program Files\Java\jdk-26\bin\extnet.dll
0x00007ffd33c20000 - 0x00007ffd33c3b000 	C:\WINDOWS\SYSTEM32\CRYPTSP.dll
0x00007ffd33300000 - 0x00007ffd33339000 	C:\WINDOWS\system32\rsaenh.dll
0x00007ffd339f0000 - 0x00007ffd33a22000 	C:\WINDOWS\SYSTEM32\USERENV.dll
0x00007ffd34530000 - 0x00007ffd3455a000 	C:\WINDOWS\SYSTEM32\bcrypt.dll
0x00007ffd1fdd0000 - 0x00007ffd1fdde000 	C:\Program Files\Java\jdk-26\bin\sunmscapi.dll
0x00007ffd34b90000 - 0x00007ffd34d07000 	C:\WINDOWS\System32\CRYPT32.dll
0x00007ffd33e40000 - 0x00007ffd33e70000 	C:\WINDOWS\SYSTEM32\ncrypt.dll
0x00007ffd33df0000 - 0x00007ffd33e2f000 	C:\WINDOWS\SYSTEM32\NTASN1.dll

JVMTI agents: none

dbghelp: loaded successfully - version: 4.0.5 - missing functions: none
symbol engine: initialized successfully - sym options: 0x614 - pdb path: .;C:\Program Files\Java\jdk-26\bin;C:\WINDOWS\SYSTEM32;C:\WINDOWS\WinSxS\amd64_microsoft.windows.common-controls_6595b64144ccf1df_6.0.26100.8037_none_3e092faae333b53b;C:\Program Files\Java\jdk-26\bin\server

VM Arguments:
java_command: com.mycompany.hospitalmanagementsystem.AddPatient
java_class_path (initial): D:\HospitalManagementSystem\target\classes;C:\Users\Rohit Deshmukh\.m2\repository\com\mysql\mysql-connector-j\8.0.33\mysql-connector-j-8.0.33.jar;C:\Users\Rohit Deshmukh\.m2\repository\com\google\protobuf\protobuf-java\3.21.9\protobuf-java-3.21.9.jar
Launcher Type: SUN_STANDARD

[Global flags]
     bool AOTAdapterCaching                        = false                                  {diagnostic} {ergonomic}
     bool AOTInvokeDynamicLinking                  = false                                  {diagnostic} {ergonomic}
     bool AOTRecordTraining                        = false                                  {diagnostic} {ergonomic}
     bool AOTReplayTraining                        = false                                  {diagnostic} {ergonomic}
     bool AOTStubCaching                           = false                                  {diagnostic} {ergonomic}
     intx CICompilerCount                          = 3                                         {product} {ergonomic}
     uint ConcGCThreads                            = 1                                         {product} {ergonomic}
     uint G1ConcRefinementThreads                  = 4                                         {product} {ergonomic}
     uint G1EagerReclaimRemSetThreshold            = 10                                   {experimental} {ergonomic}
   size_t G1HeapRegionSize                         = 1048576                                   {product} {ergonomic}
     uint G1RemSetArrayOfCardsEntries              = 10                                   {experimental} {ergonomic}
     uint G1RemSetHowlMaxNumBuckets                = 8                                    {experimental} {ergonomic}
     uint G1RemSetHowlNumBuckets                   = 4                                    {experimental} {ergonomic}
   size_t InitialHeapSize                          = 8388608                                   {product} {ergonomic}
     bool IntelJccErratumMitigation                = true                              {ARCH diagnostic} {ergonomic}
   size_t MarkStackSize                            = 4194304                                   {product} {ergonomic}
   size_t MarkStackSizeMax                         = 536870912                                 {product} {ergonomic}
   size_t MaxHeapSize                              = 2105540608                                {product} {ergonomic}
   size_t MaxNewSize                               = 1262485504                                {product} {ergonomic}
 uint64_t MaxRAM                                   = 8415657984                                {product} {ergonomic}
   size_t MinHeapDeltaBytes                        = 1048576                                   {product} {ergonomic}
   size_t MinHeapSize                              = 8388608                                   {product} {ergonomic}
   size_t NonNMethodCodeHeapSize                   = 5832704                                {pd product} {ergonomic}
   size_t NonProfiledCodeHeapSize                  = 122945536                              {pd product} {ergonomic}
   size_t ProfiledCodeHeapSize                     = 122880000                              {pd product} {ergonomic}
   size_t ReservedCodeCacheSize                    = 251658240                              {pd product} {ergonomic}
     bool SegmentedCodeCache                       = true                                      {product} {ergonomic}
   size_t SoftMaxHeapSize                          = 2105540608                             {manageable} {ergonomic}
     bool UseCompressedOops                        = true                           {product lp64_product} {ergonomic}
     bool UseCondCardMark                          = true                                      {product} {ergonomic}
     bool UseFastUnorderedTimeStamps               = true                                 {experimental} {ergonomic}
     bool UseG1GC                                  = true                                      {product} {ergonomic}
     bool UseLargePagesIndividualAllocation        = false                                  {pd product} {ergonomic}
      int X86ICacheSync                            = 2                                 {ARCH diagnostic} {ergonomic}

Logging:
Log output configuration:
 #0: stdout all=warning uptime,level,tags foldmultilines=false
 #1: stderr all=off uptime,level,tags foldmultilines=false

Release file:
IMPLEMENTOR="Oracle Corporation" 
JAVA_RUNTIME_VERSION="26+35-2893" 
JAVA_VERSION="26" 
JAVA_VERSION_DATE="2026-03-17" 
LIBC="default" 
MODULES="java.base java.compiler java.datatransfer java.xml java.prefs java.desktop java.instrument java.logging java.management java.security.sasl java.naming java.rmi java.management.rmi java.net.http java.scripting java.security.jgss java.transaction.xa java.sql java.sql.rowset java.xml.crypto java.se java.smartcardio jdk.accessibility jdk.internal.jvmstat jdk.attach jdk.charsets jdk.internal.opt jdk.zipfs jdk.compiler jdk.crypto.cryptoki jdk.crypto.ec jdk.crypto.mscapi jdk.dynalink jdk.internal.ed jdk.editpad jdk.internal.vm.ci jdk.graal.compiler jdk.graal.compiler.management jdk.hotspot.agent jdk.httpserver jdk.incubator.vector jdk.internal.le jdk.internal.md jdk.jartool jdk.javadoc jdk.jcmd jdk.management jdk.management.agent jdk.jconsole jdk.jdeps jdk.jdwp.agent jdk.jdi jdk.jfr jdk.jlink jdk.jpackage jdk.jshell jdk.jstatd jdk.localedata jdk.management.jfr jdk.naming.dns jdk.naming.rmi jdk.net jdk.nio.mapmode jdk.sctp jdk.security.auth jdk.security.jgss jdk.unsupported jdk.unsupported.desktop jdk.xml.dom" 
OS_ARCH="x86_64" 
OS_NAME="Windows" 
SOURCE=".:git:1327d96f3b3c open:git:4408cd2a07a1" 

Environment Variables:
JAVA_HOME=C:\Program Files\Java\jdk-26
PATH=C:\Program Files\Common Files\Oracle\Java\javapath;C:\Program Files\Python311\Scripts\;C:\Program Files\Python311\;C:\WINDOWS\system32;C:\WINDOWS;C:\WINDOWS\System32\Wbem;C:\WINDOWS\System32\WindowsPowerShell\v1.0\;C:\WINDOWS\System32\OpenSSH\;C:\Program Files\Java\jdk-21\bin;C:\ProgramData\chocolatey\bin;C:\dart-sdk\bin;D:\flutter\bin;C:\Users\Rohit Deshmukh\AppData\Local\Android\Sdk\build-tools\34.0.0\lld-bin;C:\Users\Rohit Deshmukh\AppData\Local\Android\Sdk;D:\3Rd Year\Chrome Download\mingw-w64-v11.0.0\mingw-w64-v11.0.0;C:\Program Files\dotnet\;C:\Program Files\Git\cmd;C:\Program Files\nodejs\;C:\Program Files\MongoDB\Server\8.0\bin;C:\Program Files\MySQL\MySQL Server 8.0\bin;C:\Users\Rohit Deshmukh\AppData\Local\Programs\Python\Python313\Scripts\;C:\Users\Rohit Deshmukh\AppData\Local\Programs\Python\Python313\;C:\Users\Rohit Deshmukh\AppData\Local\Programs\Python\Launcher\;C:\Users\Rohit Deshmukh\.console-ninja\.bin;C:\Users\Rohit Deshmukh\AppData\Local\Microsoft\WindowsApps;C:\Users\Rohit Deshmukh\AppData\Local\Programs\Microsoft VS Code\bin;C:\Users\Rohit Deshmukh\AppData\Roaming\npm;C:\Users\Rohit Deshmukh\AppData\Local\Microsoft\WindowsApps;C:\Windows\Microsoft.NET\Framework\v4.0.30319;C:\Users\Rohit Deshmukh\Downloads\jdk-26_windows-x64_bin.msi;;C:\Users\Rohit Deshmukh\Downloads\netbeans-29-bin\netbeans-29-bin\netbeans\bin\
USERNAME=Rohi Deshmukh
OS=Windows_NT
PROCESSOR_IDENTIFIER=Intel64 Family 6 Model 142 Stepping 12, GenuineIntel
TMP=C:\Users\ROHITD~1\AppData\Local\Temp
TEMP=C:\Users\ROHITD~1\AppData\Local\Temp




Compilation memory statistics disabled.

Periodic native trim disabled

---------------  S Y S T E M  ---------------

OS:
 Windows 11 , 64 bit Build 26100 (10.0.26100.7920)
OS uptime: 0 days 21:53 hours
Hyper-V role detected

CPU: total 4 (initial active 4) (2 cores per cpu, 2 threads per core) family 6 model 142 stepping 12 microcode 0xde, cx8, cmov, fxsr, ht, mmx, 3dnowpref, sse, sse2, sse3, ssse3, sse4.1, sse4.2, popcnt, lzcnt, tsc, tscinvbit, avx, avx2, aes, erms, clmul, bmi1, bmi2, adx, fma, vzeroupper, clflush, clflushopt, hv, rdtscp, f16c
Processor Information for processor 0
  Max Mhz: 2592, Current Mhz: 2592, Mhz Limit: 2073
Processor Information for processor 1
  Max Mhz: 2592, Current Mhz: 1495, Mhz Limit: 2073
Processor Information for processor 2
  Max Mhz: 2592, Current Mhz: 1495, Mhz Limit: 2073
Processor Information for processor 3
  Max Mhz: 2592, Current Mhz: 1495, Mhz Limit: 2073

Memory: 4k page, system-wide physical 8025M (1076M free)
TotalPageFile size 10073M (AvailPageFile size 26M)
current process WorkingSet (physical memory assigned to process): 129M, peak: 129M
current process commit charge ("private bytes"): 151M, peak: 171M

vm_info: Java HotSpot(TM) 64-Bit Server VM (26+35-2893) for windows-amd64 JRE (26+35-2893), built on 2026-02-12T17:04:02Z with MS VC++ 17.13 (VS2022)

END.
