#
# There is insufficient memory for the Java Runtime Environment to continue.
# Native memory allocation (malloc) failed to allocate 1109784 bytes. Error detail: Chunk::new
# Possible reasons:
#   The system is out of physical RAM or swap space
#   This process is running with CompressedOops enabled, and the Java Heap may be blocking the growth of the native heap
# Possible solutions:
#   Reduce memory load on the system
#   Increase physical memory or swap space
#   Check if swap backing store is full
#   Decrease Java heap size (-Xmx/-Xms)
#   Decrease number of Java threads
#   Decrease Java thread stack sizes (-Xss)
#   Set larger code cache with -XX:ReservedCodeCacheSize=
#   JVM is running with Unscaled Compressed Oops mode in which the Java heap is
#     placed in the first 4GB address space. The Java Heap base address is the
#     maximum limit for the native heap growth. Please use -XX:HeapBaseMinAddress
#     to set the Java Heap base and to place the Java Heap above 4GB virtual address.
# This output file may be truncated or incomplete.
#
#  Out of Memory Error (arena.cpp:193), pid=9972, tid=15716
#
# JRE version: Java(TM) SE Runtime Environment (26.0+35) (build 26+35-2893)
# Java VM: Java HotSpot(TM) 64-Bit Server VM (26+35-2893, mixed mode, sharing, tiered, compressed oops, compressed class ptrs, g1 gc, windows-amd64)
# No core dump will be written. Minidumps are not enabled by default on client versions of Windows
#

---------------  S U M M A R Y ------------

Command Line: com.mycompany.hospitalmanagementsystem.SearchPatient

Host: Intel(R) Core(TM) i3-10110U CPU @ 2.10GHz, 4 cores, 7G,  Windows 11 , 64 bit Build 26100 (10.0.26100.7920)
Time: Thu Apr 23 14:34:26 2026 India Standard Time elapsed time: 1.472611 seconds (0d 0h 0m 1s)

---------------  T H R E A D  ---------------

Current thread (0x0000016eff4a9890):  JavaThread "C2 CompilerThread0" daemon [_thread_in_native, id=15716, stack(0x0000006456c00000,0x0000006456d00000) (1024K)]


Current CompileTask:
C2:1472 1005       4       java.awt.MultipleGradientPaintContext::indexIntoGradientsArrays (190 bytes)

Stack: [0x0000006456c00000,0x0000006456d00000]
Native frames: (J=compiled Java code, j=interpreted, Vv=VM code, C=native code)
V  [jvm.dll+0x7d5719]  (no source info available)
V  [jvm.dll+0x7a367d]  (no source info available)
V  [jvm.dll+0x9b0aa0]  (no source info available)
V  [jvm.dll+0x9b2ef1]  (no source info available)
V  [jvm.dll+0x9b3603]  (no source info available)
V  [jvm.dll+0x30de86]  (no source info available)
V  [jvm.dll+0x11d7c6]  (no source info available)
V  [jvm.dll+0x11daee]  (no source info available)
V  [jvm.dll+0x1afb06]  (no source info available)
V  [jvm.dll+0x3ca732]  (no source info available)
V  [jvm.dll+0x7de302]  (no source info available)
V  [jvm.dll+0x2d1557]  (no source info available)
V  [jvm.dll+0x2d04cf]  (no source info available)
V  [jvm.dll+0x246740]  (no source info available)
V  [jvm.dll+0x2e05ec]  (no source info available)
V  [jvm.dll+0x2de7cd]  (no source info available)
V  [jvm.dll+0x4a3f01]  (no source info available)
V  [jvm.dll+0x94f4e9]  (no source info available)
V  [jvm.dll+0x7d71f8]  (no source info available)
C  [ucrtbase.dll+0x37b0]  (no source info available)
C  [KERNEL32.DLL+0x2e8d7]  (no source info available)
C  [ntdll.dll+0x8c48c]  (no source info available)

Lock stack of current Java thread (top to bottom):


---------------  P R O C E S S  ---------------

Threads class SMR info:
_java_thread_list=0x0000016e97bb91d0, length=16, elements={
0x0000016eff49d1a0, 0x0000016eff49dff0, 0x0000016eff49f0a0, 0x0000016eff4a2ed0,
0x0000016eff4a3de0, 0x0000016eff4a4990, 0x0000016eff4a9890, 0x0000016eff4f04f0,
0x0000016e970499c0, 0x0000016e9704c400, 0x0000016e977c7cb0, 0x0000016e973d4700,
0x0000016e973d4eb0, 0x0000016e97962420, 0x0000016ef3553d20, 0x0000016e97b9c0a0
}

Java Threads: ( => current thread )
  0x0000016eff49d1a0 JavaThread "Reference Handler"          daemon [_thread_blocked, id=7012, stack(0x0000006456600000,0x0000006456700000) (1024K)]
  0x0000016eff49dff0 JavaThread "Finalizer"                  daemon [_thread_blocked, id=5784, stack(0x0000006456700000,0x0000006456800000) (1024K)]
  0x0000016eff49f0a0 JavaThread "Signal Dispatcher"          daemon [_thread_blocked, id=1208, stack(0x0000006456800000,0x0000006456900000) (1024K)]
  0x0000016eff4a2ed0 JavaThread "Attach Listener"            daemon [_thread_blocked, id=9984, stack(0x0000006456900000,0x0000006456a00000) (1024K)]
  0x0000016eff4a3de0 JavaThread "Service Thread"             daemon [_thread_blocked, id=2428, stack(0x0000006456a00000,0x0000006456b00000) (1024K)]
  0x0000016eff4a4990 JavaThread "Monitor Deflation Thread"   daemon [_thread_blocked, id=17728, stack(0x0000006456b00000,0x0000006456c00000) (1024K)]
=>0x0000016eff4a9890 JavaThread "C2 CompilerThread0"         daemon [_thread_in_native, id=15716, stack(0x0000006456c00000,0x0000006456d00000) (1024K)]
  0x0000016eff4f04f0 JavaThread "C1 CompilerThread0"         daemon [_thread_blocked, id=11372, stack(0x0000006456d00000,0x0000006456e00000) (1024K)]
  0x0000016e970499c0 JavaThread "Notification Thread"        daemon [_thread_blocked, id=10600, stack(0x0000006456e00000,0x0000006456f00000) (1024K)]
  0x0000016e9704c400 JavaThread "Common-Cleaner"             daemon [_thread_blocked, id=8988, stack(0x0000006456f00000,0x0000006457000000) (1024K)]
  0x0000016e977c7cb0 JavaThread "Java2D Disposer"            daemon [_thread_blocked, id=808, stack(0x0000006457000000,0x0000006457100000) (1024K)]
  0x0000016e973d4700 JavaThread "AWT-Shutdown"                      [_thread_blocked, id=17684, stack(0x0000006457100000,0x0000006457200000) (1024K)]
  0x0000016e973d4eb0 JavaThread "AWT-Windows"                daemon [_thread_in_native, id=17360, stack(0x0000006457200000,0x0000006457300000) (1024K)]
  0x0000016e97962420 JavaThread "AWT-EventQueue-0"                  [_thread_blocked, id=5500, stack(0x0000006457600000,0x0000006457700000) (1024K)]
  0x0000016ef3553d20 JavaThread "DestroyJavaVM"                     [_thread_blocked, id=16308, stack(0x0000006455d00000,0x0000006455e00000) (1024K)]
  0x0000016e97b9c0a0 JavaThread "TimerQueue"                 daemon [_thread_blocked, id=8856, stack(0x0000006457b00000,0x0000006457c00000) (1024K)]
Total: 16

Other Threads:
  0x0000016eff48a7b0 VMThread "VM Thread"                           [id=3104, stack(0x0000006456500000,0x0000006456600000) (1024K)]
  0x0000016eff47ac80 WatcherThread "VM Periodic Task Thread"        [id=16596, stack(0x0000006456400000,0x0000006456500000) (1024K)]
  0x0000016ef57dba10 WorkerThread "GC Thread#0"                     [id=3004, stack(0x0000006455e00000,0x0000006455f00000) (1024K)]
  0x0000016e978f7ff0 WorkerThread "GC Thread#1"                     [id=3088, stack(0x0000006457300000,0x0000006457400000) (1024K)]
  0x0000016e978f8410 WorkerThread "GC Thread#2"                     [id=18040, stack(0x0000006457400000,0x0000006457500000) (1024K)]
  0x0000016e97900840 WorkerThread "GC Thread#3"                     [id=1788, stack(0x0000006457500000,0x0000006457600000) (1024K)]
  0x0000016ef5832b80 ConcurrentGCThread "G1 Main Marker"            [id=15024, stack(0x0000006455f00000,0x0000006456000000) (1024K)]
  0x0000016ef5833ea0 WorkerThread "G1 Conc#0"                       [id=8252, stack(0x0000006456000000,0x0000006456100000) (1024K)]
  0x0000016eff344ac0 WorkerThread "G1 Refinement Workers#0"         [id=2980, stack(0x0000006456200000,0x0000006456300000) (1024K)]
  0x0000016eff341ff0 ConcurrentGCThread "G1 Refine Control"         [id=17400, stack(0x0000006456100000,0x0000006456200000) (1024K)]
  0x0000016eff345430 ConcurrentGCThread "G1 Service"                [id=17892, stack(0x0000006456300000,0x0000006456400000) (1024K)]
Total: 11

Threads with active compile tasks:
C2 CompilerThread0  1599 1005       4       java.awt.MultipleGradientPaintContext::indexIntoGradientsArrays (190 bytes)
Total: 1

VM state: not at safepoint (normal execution)

VM Mutex/Monitor currently owned by a thread: None

Heap address: 0x0000000082800000, size: 2008 MB, Compressed Oops mode: 32-bit

CDS archive(s) mapped at: [0x000000002d000000-0x000000002dde0000-0x000000002dde0000), size 14548992, SharedBaseAddress: 0x000000002d000000, ArchiveRelocationMode: 1.
Compressed class space mapped at: 0x000000002e000000-0x000000006e000000, reserved size: 1073741824
UseCompressedClassPointers 1, UseCompactObjectHeaders 0
Narrow klass pointer bits 32, Max shift 3
Narrow klass base: 0x000000002d000000, Narrow klass shift: 0
Encoding Range: [0x000000002d000000 - 0x000000012d000000), (4294967296 bytes)
Klass Range:    [0x000000002d000000 - 0x000000006e000000), (1090519040 bytes)
Klass ID Range:  [8 - 1090519033) (1090519025)
Protection zone: [0x000000002d000000 - 0x000000002d010000), (65536 bytes)

GC Precious Log:
 CardTable entry size: 512
 Card Set container configuration: InlinePtr #cards 5 size 8 Array Of Cards #cards 10 size 36 Howl #buckets 4 coarsen threshold 1843 Howl Bitmap #cards 512 size 80 coarsen threshold 460 Card regions per heap region 1 cards per card region 2048
 CPUs: 4 total, 4 available
 Memory: 8025M
 Large Page Support: Disabled
 NUMA Support: Disabled
 Compressed Oops: Enabled (32-bit)
 Heap Region Size: 1M
 Heap Min Capacity: 8M
 Heap Initial Capacity: 8M
 Heap Max Capacity: 2008M
 Pre-touch: Disabled
 Parallel Workers: 4
 Concurrent Workers: 1
 Concurrent Refinement Workers: 4
 Periodic GC: Disabled

Heap:
 garbage-first heap   total reserved 2056192K, committed 10240K, used 6492K [0x0000000082800000, 0x0000000100000000)
  region size 1M, 2 eden (2M), 1 survivor (1M), 4 old (4M), 2 humongous (2M), 1 free (1M)

Heap Regions: E=young(eden), S=young(survivor), O=old, HS=humongous(starts), HC=humongous(continues), CS=collection set, F=free, TAMS=top-at-mark-start, PB=parsable bottom
|    0|0x0000000082800000, 0x0000000082900000, 0x0000000082900000|100%| O|  |TAMS 0x0000000082800000| PB 0x0000000082800000| Untracked |  0
|    1|0x0000000082900000, 0x000000008297f620, 0x0000000082a00000| 49%| O|  |TAMS 0x0000000082900000| PB 0x0000000082900000| Untracked |  0
|    2|0x0000000082a00000, 0x0000000082a00000, 0x0000000082b00000|  0%| F|  |TAMS 0x0000000082a00000| PB 0x0000000082a00000| Untracked |  0
|    3|0x0000000082b00000, 0x0000000082baef90, 0x0000000082c00000| 68%| S|CS|TAMS 0x0000000082b00000| PB 0x0000000082b00000| Complete  |  0
|    4|0x0000000082c00000, 0x0000000082d00000, 0x0000000082d00000|100%|HS|  |TAMS 0x0000000082c00000| PB 0x0000000082c00000| Complete  |  0
|    5|0x0000000082d00000, 0x0000000082e00000, 0x0000000082e00000|100%|HC|  |TAMS 0x0000000082d00000| PB 0x0000000082d00000| Complete  |  0
|    6|0x0000000082e00000, 0x0000000082e26be8, 0x0000000082f00000| 15%| E|CS|TAMS 0x0000000082e00000| PB 0x0000000082e00000| Complete  |  0
|    7|0x0000000082f00000, 0x0000000083000000, 0x0000000083000000|100%| E|CS|TAMS 0x0000000082f00000| PB 0x0000000082f00000| Complete  |  0
| 2006|0x00000000ffe00000, 0x00000000fff00000, 0x00000000fff00000|100%| O|  |TAMS 0x00000000ffe00000| PB 0x00000000ffe00000| Untracked |  0
| 2007|0x00000000fff00000, 0x00000000fff28da8, 0x0000000100000000| 15%| O|Cm|TAMS 0x00000000fff00000| PB 0x00000000fff00000| Complete  |  0

Card table byte_map: [0x0000016efec20000,0x0000016eff010000] _byte_map_base: 0x0000016efe80c000
Refinement table byte_map: [0x0000016efe830000,0x0000016efec20000] _byte_map_base: 0x0000016efe41c000

Marking Bits: (CMBitMap*) 0x0000016ef57dc190
 Bits: [0x0000016e8f000000, 0x0000016e90f60000)

Polling page: 0x0000016ef3670000

Metaspace:
Metaspace        used 10942K, committed 11136K, reserved 1114112K
 class space     used 1300K, committed 1408K, reserved 1048576K

Usage:
  Non-class:      9.42 MB used.
      Class:      1.27 MB used.
       Both:     10.69 MB used.

Virtual space:
  Non-class space:       64.00 MB reserved,       9.50 MB ( 15%) committed,  1 nodes.
      Class space:        1.00 GB reserved,       1.38 MB ( <1%) committed,  1 nodes.
             Both:        1.06 GB reserved,      10.88 MB ( <1%) committed. 

Chunk freelists:
   Non-Class:  6.48 MB
       Class:  14.61 MB
        Both:  21.08 MB

MaxMetaspaceSize: unlimited
CompressedClassSpaceSize: 1.00 GB
Initial GC threshold: 21.00 MB
Current GC threshold: 21.00 MB
CDS: on
 - commit_granule_bytes: 65536.
 - commit_granule_words: 8192.
 - virtual_space_node_default_size: 8388608.
 - enlarge_chunks_in_place: 1.
UseCompressedClassPointers 1, UseCompactObjectHeaders 0
Narrow klass pointer bits 32, Max shift 3
Narrow klass base: 0x000000002d000000, Narrow klass shift: 0
Encoding Range: [0x000000002d000000 - 0x000000012d000000), (4294967296 bytes)
Klass Range:    [0x000000002d000000 - 0x000000006e000000), (1090519040 bytes)
Klass ID Range:  [8 - 1090519033) (1090519025)
Protection zone: [0x000000002d000000 - 0x000000002d010000), (65536 bytes)


Internal statistics:

num_allocs_failed_limit: 0.
num_arena_births: 104.
num_arena_deaths: 0.
num_vsnodes_births: 2.
num_vsnodes_deaths: 0.
num_space_committed: 174.
num_space_uncommitted: 0.
num_chunks_returned_to_freelist: 0.
num_chunks_taken_from_freelist: 170.
num_chunk_merges: 0.
num_chunk_splits: 87.
num_chunks_enlarged: 19.
num_inconsistent_stats: 0.

CodeHeap 'non-profiled nmethods': size=120064Kb used=290Kb max_used=290Kb free=119773Kb
 bounds [0x0000016e87ac0000, 0x0000016e87d30000, 0x0000016e8f000000]
CodeHeap 'profiled nmethods': size=120000Kb used=1516Kb max_used=1516Kb free=118483Kb
 bounds [0x0000016e80000000, 0x0000016e80270000, 0x0000016e87530000]
CodeHeap 'non-nmethods': size=5696Kb used=1573Kb max_used=1582Kb free=4122Kb
 bounds [0x0000016e87530000, 0x0000016e877a0000, 0x0000016e87ac0000]
CodeCache: size=245760Kb, used=3379Kb, max_used=3388Kb, free=242378Kb
 total_blobs=1792, nmethods=1097, adapters=599, full_count=0
Compilation: enabled, stopped_count=0, restarted_count=0

Compilation events (20 events):
Event: 0.790 Thread 0x0000016eff4f04f0  998       3       sun.java2d.marlin.FloatMath::max (11 bytes)
Event: 0.790 Thread 0x0000016eff4f04f0 nmethod 998 0x0000016e80158f88 code [0x0000016e80159080, 0x0000016e801591a0]
Event: 0.790 Thread 0x0000016eff4f04f0  999       3       java.awt.geom.RectangularShape::<init> (5 bytes)
Event: 0.790 Thread 0x0000016eff4f04f0 nmethod 999 0x0000016e80159288 code [0x0000016e80159380, 0x0000016e801594d0]
Event: 0.790 Thread 0x0000016eff4f04f0 1000       3       java.lang.Math::round (56 bytes)
Event: 0.791 Thread 0x0000016eff4f04f0 nmethod 1000 0x0000016e80159588 code [0x0000016e80159680, 0x0000016e80159840]
Event: 0.791 Thread 0x0000016eff4f04f0 1001       3       java.awt.MultipleGradientPaintContext::convertSRGBtoLinearRGB (47 bytes)
Event: 0.791 Thread 0x0000016eff4f04f0 nmethod 1001 0x0000016e80159888 code [0x0000016e801599c0, 0x0000016e80159b98]
Event: 0.791 Thread 0x0000016eff4f04f0 1002       3       java.awt.MultipleGradientPaintContext::convertLinearRGBtoSRGB (47 bytes)
Event: 0.791 Thread 0x0000016eff4f04f0 nmethod 1002 0x0000016e80159c08 code [0x0000016e80159d40, 0x0000016e80159f18]
Event: 0.791 Thread 0x0000016eff4f04f0 1003       3       java.awt.MultipleGradientPaintContext::indexIntoGradientsArrays (190 bytes)
Event: 0.792 Thread 0x0000016eff4f04f0 nmethod 1003 0x0000016e80159f88 code [0x0000016e8015a0a0, 0x0000016e8015a718]
Event: 0.792 Thread 0x0000016eff4a9890 1004       4       java.util.Arrays::binarySearch0 (95 bytes)
Event: 0.796 Thread 0x0000016eff4a9890 nmethod 1004 0x0000016e87affc88 code [0x0000016e87affd80, 0x0000016e87afffa8]
Event: 0.796 Thread 0x0000016eff4a9890 1005       4       java.awt.MultipleGradientPaintContext::indexIntoGradientsArrays (190 bytes)
Event: 0.802 Thread 0x0000016eff4f04f0 1007       3       java.awt.Component::isDisplayable (13 bytes)
Event: 0.803 Thread 0x0000016eff4f04f0 nmethod 1007 0x0000016e8015a788 code [0x0000016e8015a880, 0x0000016e8015a9c8]
Event: 0.805 Thread 0x0000016eff4f04f0 1010       1       sun.awt.image.VolatileSurfaceManager::getPrimarySurfaceData (5 bytes)
Event: 0.805 Thread 0x0000016eff4f04f0 nmethod 1010 0x0000016e87b00308 code [0x0000016e87b00400, 0x0000016e87b004b8]
Event: 1.468 Thread 0x0000016eff4f04f0 1011       3       java.awt.geom.AffineTransform::equals (26 bytes)

GC Heap Usage History (6 events):
Event: 0.291 {heap Before GC invocations=0 (full 0):
 garbage-first heap   total reserved 2056192K, committed 10240K, used 4259K [0x0000000082800000, 0x0000000100000000)
  region size 1M, 4 eden (4M), 0 survivor (0M), 2 old (2M), 0 humongous (0M), 4 free (4M)
}
Event: 0.294 {heap After GC invocations=1 (full 0):
 garbage-first heap   total reserved 2056192K, committed 10240K, used 2040K [0x0000000082800000, 0x0000000100000000)
  region size 1M, 0 eden (0M), 1 survivor (1M), 2 old (2M), 0 humongous (0M), 7 free (7M)
}
Event: 0.478 {heap Before GC invocations=1 (full 0):
 garbage-first heap   total reserved 2056192K, committed 10240K, used 4088K [0x0000000082800000, 0x0000000100000000)
  region size 1M, 3 eden (3M), 1 survivor (1M), 2 old (2M), 0 humongous (0M), 4 free (4M)
}
Event: 0.480 {heap After GC invocations=2 (full 0):
 garbage-first heap   total reserved 2056192K, committed 10240K, used 2724K [0x0000000082800000, 0x0000000100000000)
  region size 1M, 0 eden (0M), 1 survivor (1M), 3 old (3M), 0 humongous (0M), 6 free (6M)
}
Event: 0.759 {heap Before GC invocations=2 (full 0):
 garbage-first heap   total reserved 2056192K, committed 10240K, used 4772K [0x0000000082800000, 0x0000000100000000)
  region size 1M, 3 eden (3M), 1 survivor (1M), 3 old (3M), 0 humongous (0M), 3 free (3M)
}
Event: 0.763 {heap After GC invocations=3 (full 0):
 garbage-first heap   total reserved 2056192K, committed 10240K, used 3420K [0x0000000082800000, 0x0000000100000000)
  region size 1M, 0 eden (0M), 1 survivor (1M), 4 old (4M), 0 humongous (0M), 5 free (5M)
}

Metaspace Usage History (6 events):
Event: 0.291 {metaspace Before GC invocations=0 (full 0):
 Metaspace       used 3434K, committed 3584K, reserved 1114112K
  class space    used 327K, committed 384K, reserved 1048576K
}
Event: 0.294 {metaspace After GC invocations=1 (full 0):
 Metaspace       used 3434K, committed 3584K, reserved 1114112K
  class space    used 327K, committed 384K, reserved 1048576K
}
Event: 0.478 {metaspace Before GC invocations=1 (full 0):
 Metaspace       used 7226K, committed 7488K, reserved 1114112K
  class space    used 827K, committed 960K, reserved 1048576K
}
Event: 0.480 {metaspace After GC invocations=2 (full 0):
 Metaspace       used 7226K, committed 7488K, reserved 1114112K
  class space    used 827K, committed 960K, reserved 1048576K
}
Event: 0.759 {metaspace Before GC invocations=2 (full 0):
 Metaspace       used 10174K, committed 10432K, reserved 1114112K
  class space    used 1217K, committed 1344K, reserved 1048576K
}
Event: 0.763 {metaspace After GC invocations=3 (full 0):
 Metaspace       used 10174K, committed 10432K, reserved 1114112K
  class space    used 1217K, committed 1344K, reserved 1048576K
}

Dll operation events (16 events):
Event: 0.009 Attempting to load shared library C:\Program Files\Java\jdk-26\bin\java.dll
Event: 0.011 Loaded shared library C:\Program Files\Java\jdk-26\bin\java.dll
Event: 0.083 Attempting to load shared library C:\Program Files\Java\jdk-26\bin\jimage.dll
Event: 0.083 Loaded shared library C:\Program Files\Java\jdk-26\bin\jimage.dll
Event: 0.086 Attempting to load shared library C:\Program Files\Java\jdk-26\bin\net.dll
Event: 0.086 Loaded shared library C:\Program Files\Java\jdk-26\bin\net.dll
Event: 0.088 Attempting to load shared library C:\Program Files\Java\jdk-26\bin\nio.dll
Event: 0.088 Loaded shared library C:\Program Files\Java\jdk-26\bin\nio.dll
Event: 0.099 Attempting to load shared library C:\Program Files\Java\jdk-26\bin\zip.dll
Event: 0.100 Loaded shared library C:\Program Files\Java\jdk-26\bin\zip.dll
Event: 0.113 Attempting to load shared library C:\Program Files\Java\jdk-26\bin\awt.dll
Event: 0.117 Loaded shared library C:\Program Files\Java\jdk-26\bin\awt.dll
Event: 0.322 Attempting to load shared library C:\Program Files\Java\jdk-26\bin\freetype.dll
Event: 0.323 Loaded shared library C:\Program Files\Java\jdk-26\bin\freetype.dll
Event: 0.323 Attempting to load shared library C:\Program Files\Java\jdk-26\bin\fontmanager.dll
Event: 0.324 Loaded shared library C:\Program Files\Java\jdk-26\bin\fontmanager.dll

Deoptimization events (20 events):
Event: 0.646 Thread 0x0000016e97962420 Uncommon trap: trap_request=0xffffff45 fr.pc=0x0000016e87ac6478 relative=0x0000000000000078
Event: 0.646 Thread 0x0000016e97962420 Uncommon trap: reason=unstable_if action=reinterpret pc=0x0000016e87ac6478 method=jdk.internal.misc.Unsafe.convEndian(ZS)S @ 4 c2
Event: 0.646 Thread 0x0000016e97962420 DEOPT PACKING pc=0x0000016e87ac6478 sp=0x00000064576fc710
Event: 0.646 Thread 0x0000016e97962420 DEOPT UNPACKING pc=0x0000016e87649582 sp=0x00000064576fc640 mode 2
Event: 0.651 Thread 0x0000016e97962420 Uncommon trap: trap_request=0xffffff45 fr.pc=0x0000016e87af6c30 relative=0x00000000000004b0
Event: 0.651 Thread 0x0000016e97962420 Uncommon trap: reason=unstable_if action=reinterpret pc=0x0000016e87af6c30 method=java.lang.StringLatin1.toLowerCase(Ljava/lang/String;[BLjava/util/Locale;)Ljava/lang/String; @ 37 c2
Event: 0.651 Thread 0x0000016e97962420 DEOPT PACKING pc=0x0000016e87af6c30 sp=0x00000064576fca40
Event: 0.651 Thread 0x0000016e97962420 DEOPT UNPACKING pc=0x0000016e87649582 sp=0x00000064576fc9b0 mode 2
Event: 0.678 Thread 0x0000016e97962420 Uncommon trap: trap_request=0xffffff54 fr.pc=0x0000016e87af91e0 relative=0x0000000000000060
Event: 0.678 Thread 0x0000016e97962420 Uncommon trap: reason=speculate_null_check action=make_not_entrant pc=0x0000016e87af91e0 method=jdk.internal.misc.Unsafe.getIntUnaligned(Ljava/lang/Object;JZ)I @ 5 c2
Event: 0.678 Thread 0x0000016e97962420 DEOPT PACKING pc=0x0000016e87af91e0 sp=0x00000064576fc5a0
Event: 0.678 Thread 0x0000016e97962420 DEOPT UNPACKING pc=0x0000016e87649582 sp=0x00000064576fc4f8 mode 2
Event: 0.722 Thread 0x0000016e97962420 Uncommon trap: trap_request=0xffffffde fr.pc=0x0000016e87ae9d58 relative=0x00000000000001d8
Event: 0.722 Thread 0x0000016e97962420 Uncommon trap: reason=class_check action=maybe_recompile pc=0x0000016e87ae9d58 method=java.lang.String.equals(Ljava/lang/Object;)Z @ 8 c2
Event: 0.722 Thread 0x0000016e97962420 DEOPT PACKING pc=0x0000016e87ae9d58 sp=0x00000064576fdd30
Event: 0.722 Thread 0x0000016e97962420 DEOPT UNPACKING pc=0x0000016e87649582 sp=0x00000064576fdcc8 mode 2
Event: 0.729 Thread 0x0000016e97962420 Uncommon trap: trap_request=0xffffffde fr.pc=0x0000016e87ae9d58 relative=0x00000000000001d8
Event: 0.729 Thread 0x0000016e97962420 Uncommon trap: reason=class_check action=maybe_recompile pc=0x0000016e87ae9d58 method=java.lang.String.equals(Ljava/lang/Object;)Z @ 8 c2
Event: 0.729 Thread 0x0000016e97962420 DEOPT PACKING pc=0x0000016e87ae9d58 sp=0x00000064576fdf20
Event: 0.729 Thread 0x0000016e97962420 DEOPT UNPACKING pc=0x0000016e87649582 sp=0x00000064576fdea8 mode 2

Classes loaded (20 events):
Event: 0.790 Loading class java/awt/PaintContext
Event: 0.790 Loading class java/awt/PaintContext done
Event: 0.790 Loading class java/awt/MultipleGradientPaintContext done
Event: 0.790 Loading class java/awt/LinearGradientPaintContext done
Event: 0.791 Loading class sun/java2d/pipe/AlphaPaintPipe$TileContext
Event: 0.791 Loading class sun/java2d/pipe/AlphaPaintPipe$TileContext done
Event: 0.794 Loading class javax/swing/plaf/nimbus/ImageScalingHelper$PaintType
Event: 0.794 Loading class javax/swing/plaf/nimbus/ImageScalingHelper$PaintType done
Event: 0.794 Loading class javax/swing/plaf/nimbus/ImageScalingHelper
Event: 0.795 Loading class javax/swing/plaf/nimbus/ImageScalingHelper done
Event: 0.795 Loading class sun/awt/image/ToolkitImage
Event: 0.795 Loading class sun/awt/image/ToolkitImage done
Event: 0.796 Loading class java/awt/PrintGraphics
Event: 0.796 Loading class java/awt/PrintGraphics done
Event: 0.796 Loading class sun/java2d/loops/FontInfo
Event: 0.796 Loading class sun/java2d/loops/FontInfo done
Event: 0.805 Loading class javax/swing/tree/DefaultTreeCellRenderer
Event: 0.805 Loading class javax/swing/tree/TreeCellRenderer
Event: 0.805 Loading class javax/swing/tree/TreeCellRenderer done
Event: 1.468 Loading class javax/swing/tree/DefaultTreeCellRenderer done

Classes unloaded (0 events):
No events

Classes redefined (0 events):
No events

Internal exceptions (20 events):
Event: 0.649 Thread 0x0000016e97962420 Exception <a 'java/io/FileNotFoundException'{0x0000000082ec67c8}> (0x0000000082ec67c8) 
thrown [s\open\src\hotspot\share\prims\jni.cpp, line 514]
Event: 0.649 Thread 0x0000016e97962420 Exception <a 'java/io/FileNotFoundException'{0x0000000082ec7ec8}> (0x0000000082ec7ec8) 
thrown [s\open\src\hotspot\share\prims\jni.cpp, line 514]
Event: 0.649 Thread 0x0000016e97962420 Exception <a 'java/io/FileNotFoundException'{0x0000000082ec9608}> (0x0000000082ec9608) 
thrown [s\open\src\hotspot\share\prims\jni.cpp, line 514]
Event: 0.650 Thread 0x0000016e97962420 Exception <a 'java/io/FileNotFoundException'{0x0000000082eccc48}> (0x0000000082eccc48) 
thrown [s\open\src\hotspot\share\prims\jni.cpp, line 514]
Event: 0.650 Thread 0x0000016e97962420 Exception <a 'java/io/FileNotFoundException'{0x0000000082ece368}> (0x0000000082ece368) 
thrown [s\open\src\hotspot\share\prims\jni.cpp, line 514]
Event: 0.650 Thread 0x0000016e97962420 Exception <a 'java/io/FileNotFoundException'{0x0000000082ecfd30}> (0x0000000082ecfd30) 
thrown [s\open\src\hotspot\share\prims\jni.cpp, line 514]
Event: 0.655 Thread 0x0000016e97962420 Exception <a 'java/io/FileNotFoundException'{0x0000000082ee7580}> (0x0000000082ee7580) 
thrown [s\open\src\hotspot\share\prims\jni.cpp, line 514]
Event: 0.655 Thread 0x0000016e97962420 Exception <a 'java/io/FileNotFoundException'{0x0000000082ee8cc0}> (0x0000000082ee8cc0) 
thrown [s\open\src\hotspot\share\prims\jni.cpp, line 514]
Event: 0.656 Thread 0x0000016e97962420 Exception <a 'java/io/FileNotFoundException'{0x0000000082eea3a8}> (0x0000000082eea3a8) 
thrown [s\open\src\hotspot\share\prims\jni.cpp, line 514]
Event: 0.656 Thread 0x0000016e97962420 Exception <a 'java/io/FileNotFoundException'{0x0000000082eebd30}> (0x0000000082eebd30) 
thrown [s\open\src\hotspot\share\prims\jni.cpp, line 514]
Event: 0.656 Thread 0x0000016e97962420 Exception <a 'java/io/FileNotFoundException'{0x0000000082eed480}> (0x0000000082eed480) 
thrown [s\open\src\hotspot\share\prims\jni.cpp, line 514]
Event: 0.657 Thread 0x0000016e97962420 Exception <a 'java/io/FileNotFoundException'{0x0000000082ef0b78}> (0x0000000082ef0b78) 
thrown [s\open\src\hotspot\share\prims\jni.cpp, line 514]
Event: 0.657 Thread 0x0000016e97962420 Exception <a 'java/io/FileNotFoundException'{0x0000000082ef2278}> (0x0000000082ef2278) 
thrown [s\open\src\hotspot\share\prims\jni.cpp, line 514]
Event: 0.657 Thread 0x0000016e97962420 Exception <a 'java/io/FileNotFoundException'{0x0000000082ef39b8}> (0x0000000082ef39b8) 
thrown [s\open\src\hotspot\share\prims\jni.cpp, line 514]
Event: 0.657 Thread 0x0000016e97962420 Exception <a 'java/io/FileNotFoundException'{0x0000000082ef6fa0}> (0x0000000082ef6fa0) 
thrown [s\open\src\hotspot\share\prims\jni.cpp, line 514]
Event: 0.658 Thread 0x0000016e97962420 Exception <a 'java/io/FileNotFoundException'{0x0000000082ef8910}> (0x0000000082ef8910) 
thrown [s\open\src\hotspot\share\prims\jni.cpp, line 514]
Event: 0.658 Thread 0x0000016e97962420 Exception <a 'java/io/FileNotFoundException'{0x0000000082efa048}> (0x0000000082efa048) 
thrown [s\open\src\hotspot\share\prims\jni.cpp, line 514]
Event: 0.672 Thread 0x0000016e97962420 Exception <a 'java/lang/NoSuchMethodError'{0x0000000082d11610}: 'void java.lang.invoke.DelegatingMethodHandle$Holder.reinvoke_L(java.lang.Object, java.lang.Object, java.lang.Object, long, float)'> (0x0000000082d11610) 
thrown [s\open\src\hotspot\share\interpreter\linkResolver.cpp, line 804]
Event: 0.674 Thread 0x0000016e97962420 Exception <a 'java/lang/NoSuchMethodError'{0x0000000082d2dd50}: 'java.lang.Object java.lang.invoke.DirectMethodHandle$Holder.invokeStatic(java.lang.Object, java.lang.Object, java.lang.Object, java.lang.Object, long)'> (0x0000000082d2dd50) 
thrown [s\open\src\hotspot\share\interpreter\linkResolver.cpp, line 804]
Event: 0.677 Thread 0x0000016e97962420 Exception <a 'java/lang/NoSuchMethodError'{0x0000000082d51948}: 'float java.lang.invoke.DelegatingMethodHandle$Holder.reinvoke_L(java.lang.Object, java.lang.Object, java.lang.Object, long)'> (0x0000000082d51948) 
thrown [s\open\src\hotspot\share\interpreter\linkResolver.cpp, line 804]

VM Operations (20 events):
Event: 0.318 Executing non-safepoint VM operation: HandshakeAllThreads (Deoptimize)
Event: 0.318 Executing non-safepoint VM operation: HandshakeAllThreads (Deoptimize) done
Event: 0.404 Executing non-safepoint VM operation: HandshakeAllThreads (Deoptimize)
Event: 0.404 Executing non-safepoint VM operation: HandshakeAllThreads (Deoptimize) done
Event: 0.478 Executing safepoint VM operation: G1CollectForAllocation (G1 Evacuation Pause)
Event: 0.480 Executing safepoint VM operation: G1CollectForAllocation (G1 Evacuation Pause) done
Event: 0.493 Executing non-safepoint VM operation: HandshakeAllThreads (Deoptimize)
Event: 0.493 Executing non-safepoint VM operation: HandshakeAllThreads (Deoptimize) done
Event: 0.501 Executing non-safepoint VM operation: HandshakeAllThreads (Deoptimize)
Event: 0.501 Executing non-safepoint VM operation: HandshakeAllThreads (Deoptimize) done
Event: 0.553 Executing non-safepoint VM operation: HandshakeAllThreads (Deoptimize)
Event: 0.553 Executing non-safepoint VM operation: HandshakeAllThreads (Deoptimize) done
Event: 0.759 Executing safepoint VM operation: G1TryInitiateConcMark (G1 Humongous Allocation)
Event: 0.763 Executing safepoint VM operation: G1TryInitiateConcMark (G1 Humongous Allocation) done
Event: 0.769 Executing safepoint VM operation: G1PauseRemark
Event: 0.771 Executing safepoint VM operation: G1PauseRemark done
Event: 0.773 Executing safepoint VM operation: G1PauseCleanup
Event: 0.773 Executing safepoint VM operation: G1PauseCleanup done
Event: 0.777 Executing non-safepoint VM operation: HandshakeAllThreads (Deoptimize)
Event: 0.777 Executing non-safepoint VM operation: HandshakeAllThreads (Deoptimize) done

Memory protections (0 events):
No events

Nmethod flushes (0 events):
No events

Events (17 events):
Event: 0.032 Thread 0x0000016ef3553d20 Thread added: 0x0000016ef3553d20
Event: 0.049 Thread 0x0000016ef3553d20 Thread added: 0x0000016eff49d1a0
Event: 0.049 Thread 0x0000016ef3553d20 Thread added: 0x0000016eff49dff0
Event: 0.049 Thread 0x0000016ef3553d20 Thread added: 0x0000016eff49f0a0
Event: 0.049 Thread 0x0000016ef3553d20 Thread added: 0x0000016eff4a2ed0
Event: 0.049 Thread 0x0000016ef3553d20 Thread added: 0x0000016eff4a3de0
Event: 0.049 Thread 0x0000016ef3553d20 Thread added: 0x0000016eff4a4990
Event: 0.049 Thread 0x0000016ef3553d20 Thread added: 0x0000016eff4a9890
Event: 0.050 Thread 0x0000016ef3553d20 Thread added: 0x0000016eff4f04f0
Event: 0.056 Thread 0x0000016ef3553d20 Thread added: 0x0000016e970499c0
Event: 0.060 Thread 0x0000016ef3553d20 Thread added: 0x0000016e9704c400
Event: 0.178 Thread 0x0000016ef3553d20 Thread added: 0x0000016e977c7cb0
Event: 0.179 Thread 0x0000016ef3553d20 Thread added: 0x0000016e973d4700
Event: 0.179 Thread 0x0000016ef3553d20 Thread added: 0x0000016e973d4eb0
Event: 0.420 Thread 0x0000016ef3553d20 Thread added: 0x0000016e97962420
Event: 0.420 Thread 0x0000016ef3553d20 Thread exited: 0x0000016ef3553d20
Event: 0.420 Thread 0x0000016ef3553d20 Thread added: 0x0000016ef3553d20


Dynamic libraries:
0x00007ff79d8d0000 - 0x00007ff79d8e0000 	C:\Program Files\Java\jdk-26\bin\java.exe
0x00007ffd37d60000 - 0x00007ffd37fc7000 	C:\WINDOWS\SYSTEM32\ntdll.dll
0x00007ffd35fb0000 - 0x00007ffd36079000 	C:\WINDOWS\System32\KERNEL32.DLL
0x00007ffd34d10000 - 0x00007ffd35101000 	C:\WINDOWS\System32\KERNELBASE.dll
0x00007ffd34a40000 - 0x00007ffd34b8b000 	C:\WINDOWS\System32\ucrtbase.dll
0x00007ffd201a0000 - 0x00007ffd201b7000 	C:\Program Files\Java\jdk-26\bin\jli.dll
0x00007ffd210f0000 - 0x00007ffd2110e000 	C:\Program Files\Java\jdk-26\bin\VCRUNTIME140.dll
0x00007ffd1e3d0000 - 0x00007ffd1e663000 	C:\WINDOWS\WinSxS\amd64_microsoft.windows.common-controls_6595b64144ccf1df_6.0.26100.8037_none_3e092faae333b53b\COMCTL32.dll
0x00007ffd37440000 - 0x00007ffd374e9000 	C:\WINDOWS\System32\msvcrt.dll
0x00007ffd35cc0000 - 0x00007ffd35e85000 	C:\WINDOWS\System32\USER32.dll
0x00007ffd351a0000 - 0x00007ffd351c7000 	C:\WINDOWS\System32\win32u.dll
0x00007ffd36210000 - 0x00007ffd3623b000 	C:\WINDOWS\System32\GDI32.dll
0x00007ffd347a0000 - 0x00007ffd348cb000 	C:\WINDOWS\System32\gdi32full.dll
0x00007ffd34640000 - 0x00007ffd346e3000 	C:\WINDOWS\System32\msvcp_win.dll
0x00007ffd37ba0000 - 0x00007ffd37bd1000 	C:\WINDOWS\System32\IMM32.DLL
0x00007ffd2eb80000 - 0x00007ffd2eb8c000 	C:\Program Files\Java\jdk-26\bin\vcruntime140_1.dll
0x00007ffd180d0000 - 0x00007ffd1815d000 	C:\Program Files\Java\jdk-26\bin\msvcp140.dll
0x00007ffc8ae20000 - 0x00007ffc8bcee000 	C:\Program Files\Java\jdk-26\bin\server\jvm.dll
0x00007ffd37c50000 - 0x00007ffd37d0b000 	C:\WINDOWS\System32\ADVAPI32.dll
0x00007ffd36240000 - 0x00007ffd362e7000 	C:\WINDOWS\System32\sechost.dll
0x00007ffd35e90000 - 0x00007ffd35fa8000 	C:\WINDOWS\System32\RPCRT4.dll
0x00007ffd36370000 - 0x00007ffd363e4000 	C:\WINDOWS\System32\WS2_32.dll
0x00007ffd344c0000 - 0x00007ffd3451e000 	C:\WINDOWS\SYSTEM32\POWRPROF.dll
0x00007ffd1e880000 - 0x00007ffd1e8b5000 	C:\WINDOWS\SYSTEM32\WINMM.dll
0x00007ffd24820000 - 0x00007ffd2482b000 	C:\WINDOWS\SYSTEM32\VERSION.dll
0x00007ffd34480000 - 0x00007ffd34494000 	C:\WINDOWS\SYSTEM32\UMPDC.dll
0x00007ffd333a0000 - 0x00007ffd333bb000 	C:\WINDOWS\SYSTEM32\kernel.appcore.dll
0x00007ffd2a1b0000 - 0x00007ffd2a1ba000 	C:\Program Files\Java\jdk-26\bin\jimage.dll
0x00007ffd32680000 - 0x00007ffd328c2000 	C:\WINDOWS\SYSTEM32\DBGHELP.DLL
0x00007ffd37030000 - 0x00007ffd373b2000 	C:\WINDOWS\System32\combase.dll
0x00007ffd365d0000 - 0x00007ffd366a7000 	C:\WINDOWS\System32\OLEAUT32.dll
0x00007ffd19bf0000 - 0x00007ffd19c2b000 	C:\WINDOWS\SYSTEM32\dbgcore.DLL
0x00007ffd346f0000 - 0x00007ffd34795000 	C:\WINDOWS\System32\bcryptPrimitives.dll
0x00007ffd1ffa0000 - 0x00007ffd1ffbf000 	C:\Program Files\Java\jdk-26\bin\java.dll
0x00007ffd36e90000 - 0x00007ffd37025000 	C:\WINDOWS\System32\ole32.dll
0x00007ffd366b0000 - 0x00007ffd36e0f000 	C:\WINDOWS\System32\SHELL32.dll
0x00007ffd348d0000 - 0x00007ffd34a3a000 	C:\WINDOWS\System32\wintypes.dll
0x00007ffd35290000 - 0x00007ffd35af4000 	C:\WINDOWS\System32\windows.storage.dll
0x00007ffd37520000 - 0x00007ffd37617000 	C:\WINDOWS\System32\SHCORE.dll
0x00007ffd36e20000 - 0x00007ffd36e87000 	C:\WINDOWS\System32\shlwapi.dll
0x00007ffd34560000 - 0x00007ffd34589000 	C:\WINDOWS\SYSTEM32\profapi.dll
0x00007ffd1e8e0000 - 0x00007ffd1e8f2000 	C:\Program Files\Java\jdk-26\bin\net.dll
0x00007ffd33920000 - 0x00007ffd3398b000 	C:\WINDOWS\system32\mswsock.dll
0x00007ffd1e160000 - 0x00007ffd1e176000 	C:\Program Files\Java\jdk-26\bin\nio.dll
0x00007ffd1e9c0000 - 0x00007ffd1e9d7000 	C:\Program Files\Java\jdk-26\bin\zip.dll
0x00007ffca9cc0000 - 0x00007ffca9e45000 	C:\Program Files\Java\jdk-26\bin\awt.dll
0x00007ffd31a40000 - 0x00007ffd31adf000 	C:\WINDOWS\SYSTEM32\apphelp.dll
0x00007ffd31c60000 - 0x00007ffd31d0a000 	C:\WINDOWS\system32\uxtheme.dll
0x00007ffd360a0000 - 0x00007ffd361fd000 	C:\WINDOWS\System32\MSCTF.dll
0x00007ffd32010000 - 0x00007ffd3203e000 	C:\WINDOWS\system32\DWMAPI.DLL
0x00007ffd174e0000 - 0x00007ffd17567000 	C:\Program Files\Java\jdk-26\bin\freetype.dll
0x00007ffcac340000 - 0x00007ffcac42f000 	C:\Program Files\Java\jdk-26\bin\fontmanager.dll
0x00007ffd14730000 - 0x00007ffd1483e000 	C:\WINDOWS\system32\opengl32.dll
0x00007ffd1ac00000 - 0x00007ffd1ac2d000 	C:\WINDOWS\SYSTEM32\GLU32.dll
0x00007ffd31e50000 - 0x00007ffd31e93000 	C:\WINDOWS\SYSTEM32\dxcore.dll
0x00007ffd35c00000 - 0x00007ffd35cae000 	C:\WINDOWS\System32\clbcatq.dll
0x00007ffd2fcd0000 - 0x00007ffd2fefd000 	C:\WINDOWS\SYSTEM32\WindowsCodecs.dll
0x00007ffd0fef0000 - 0x00007ffd0ff4a000 	C:\WINDOWS\system32\dataexchange.dll
0x00007ffd25540000 - 0x00007ffd25784000 	C:\WINDOWS\system32\twinapi.appcore.dll
0x00007ffd21940000 - 0x00007ffd21a88000 	C:\WINDOWS\SYSTEM32\textinputframework.dll
0x00007ffd14950000 - 0x00007ffd14d70000 	C:\Windows\System32\UIAutomationCore.DLL
0x00007ffd12ed0000 - 0x00007ffd12f46000 	C:\Windows\System32\OLEACC.dll
0x00007ffd31560000 - 0x00007ffd31687000 	C:\WINDOWS\SYSTEM32\CoreMessaging.dll
0x00007ffd2d090000 - 0x00007ffd2d372000 	C:\WINDOWS\SYSTEM32\CoreUIComponents.dll
0x00007ffd33c40000 - 0x00007ffd33c4c000 	C:\WINDOWS\SYSTEM32\CRYPTBASE.DLL

JVMTI agents: none

dbghelp: loaded successfully - version: 4.0.5 - missing functions: none
symbol engine: initialized successfully - sym options: 0x614 - pdb path: .;C:\Program Files\Java\jdk-26\bin;C:\WINDOWS\SYSTEM32;C:\WINDOWS\WinSxS\amd64_microsoft.windows.common-controls_6595b64144ccf1df_6.0.26100.8037_none_3e092faae333b53b;C:\Program Files\Java\jdk-26\bin\server

VM Arguments:
java_command: com.mycompany.hospitalmanagementsystem.SearchPatient
java_class_path (initial): D:\HospitalManagementSystem\target\classes;C:\Users\Rohit Deshmukh\.m2\repository\com\mysql\mysql-connector-j\8.0.33\mysql-connector-j-8.0.33.jar;C:\Users\Rohit Deshmukh\.m2\repository\com\google\protobuf\protobuf-java\3.21.9\protobuf-java-3.21.9.jar
Launcher Type: SUN_STANDARD

[Global flags]
     bool AOTAdapterCaching                        = false                                  {diagnostic} {ergonomic}
     bool AOTInvokeDynamicLinking                  = false                                  {diagnostic} {ergonomic}
     bool AOTRecordTraining                        = false                                  {diagnostic} {ergonomic}
     bool AOTReplayTraining                        = false                                  {diagnostic} {ergonomic}
     bool AOTStubCaching                           = false                                  {diagnostic} {ergonomic}
     intx CICompilerCount                          = 3                                         {product} {ergonomic}
     uint ConcGCThreads                            = 1                                         {product} {ergonomic}
     uint G1ConcRefinementThreads                  = 4                                         {product} {ergonomic}
     uint G1EagerReclaimRemSetThreshold            = 10                                   {experimental} {ergonomic}
   size_t G1HeapRegionSize                         = 1048576                                   {product} {ergonomic}
     uint G1RemSetArrayOfCardsEntries              = 10                                   {experimental} {ergonomic}
     uint G1RemSetHowlMaxNumBuckets                = 8                                    {experimental} {ergonomic}
     uint G1RemSetHowlNumBuckets                   = 4                                    {experimental} {ergonomic}
   size_t InitialHeapSize                          = 8388608                                   {product} {ergonomic}
     bool IntelJccErratumMitigation                = true                              {ARCH diagnostic} {ergonomic}
   size_t MarkStackSize                            = 4194304                                   {product} {ergonomic}
   size_t MarkStackSizeMax                         = 536870912                                 {product} {ergonomic}
   size_t MaxHeapSize                              = 2105540608                                {product} {ergonomic}
   size_t MaxNewSize                               = 1262485504                                {product} {ergonomic}
 uint64_t MaxRAM                                   = 8415657984                                {product} {ergonomic}
   size_t MinHeapDeltaBytes                        = 1048576                                   {product} {ergonomic}
   size_t MinHeapSize                              = 8388608                                   {product} {ergonomic}
   size_t NonNMethodCodeHeapSize                   = 5832704                                {pd product} {ergonomic}
   size_t NonProfiledCodeHeapSize                  = 122945536                              {pd product} {ergonomic}
   size_t ProfiledCodeHeapSize                     = 122880000                              {pd product} {ergonomic}
   size_t ReservedCodeCacheSize                    = 251658240                              {pd product} {ergonomic}
     bool SegmentedCodeCache                       = true                                      {product} {ergonomic}
   size_t SoftMaxHeapSize                          = 2105540608                             {manageable} {ergonomic}
     bool UseCompressedOops                        = true                           {product lp64_product} {ergonomic}
     bool UseCondCardMark                          = true                                      {product} {ergonomic}
     bool UseFastUnorderedTimeStamps               = true                                 {experimental} {ergonomic}
     bool UseG1GC                                  = true                                      {product} {ergonomic}
     bool UseLargePagesIndividualAllocation        = false                                  {pd product} {ergonomic}
      int X86ICacheSync                            = 2                                 {ARCH diagnostic} {ergonomic}

Logging:
Log output configuration:
 #0: stdout all=warning uptime,level,tags foldmultilines=false
 #1: stderr all=off uptime,level,tags foldmultilines=false

Release file:
IMPLEMENTOR="Oracle Corporation" 
JAVA_RUNTIME_VERSION="26+35-2893" 
JAVA_VERSION="26" 
JAVA_VERSION_DATE="2026-03-17" 
LIBC="default" 
MODULES="java.base java.compiler java.datatransfer java.xml java.prefs java.desktop java.instrument java.logging java.management java.security.sasl java.naming java.rmi java.management.rmi java.net.http java.scripting java.security.jgss java.transaction.xa java.sql java.sql.rowset java.xml.crypto java.se java.smartcardio jdk.accessibility jdk.internal.jvmstat jdk.attach jdk.charsets jdk.internal.opt jdk.zipfs jdk.compiler jdk.crypto.cryptoki jdk.crypto.ec jdk.crypto.mscapi jdk.dynalink jdk.internal.ed jdk.editpad jdk.internal.vm.ci jdk.graal.compiler jdk.graal.compiler.management jdk.hotspot.agent jdk.httpserver jdk.incubator.vector jdk.internal.le jdk.internal.md jdk.jartool jdk.javadoc jdk.jcmd jdk.management jdk.management.agent jdk.jconsole jdk.jdeps jdk.jdwp.agent jdk.jdi jdk.jfr jdk.jlink jdk.jpackage jdk.jshell jdk.jstatd jdk.localedata jdk.management.jfr jdk.naming.dns jdk.naming.rmi jdk.net jdk.nio.mapmode jdk.sctp jdk.security.auth jdk.security.jgss jdk.unsupported jdk.unsupported.desktop jdk.xml.dom" 
OS_ARCH="x86_64" 
OS_NAME="Windows" 
SOURCE=".:git:1327d96f3b3c open:git:4408cd2a07a1" 

Environment Variables:
JAVA_HOME=C:\Program Files\Java\jdk-26
PATH=C:\Program Files\Common Files\Oracle\Java\javapath;C:\Program Files\Python311\Scripts\;C:\Program Files\Python311\;C:\WINDOWS\system32;C:\WINDOWS;C:\WINDOWS\System32\Wbem;C:\WINDOWS\System32\WindowsPowerShell\v1.0\;C:\WINDOWS\System32\OpenSSH\;C:\Program Files\Java\jdk-21\bin;C:\ProgramData\chocolatey\bin;C:\dart-sdk\bin;D:\flutter\bin;C:\Users\Rohit Deshmukh\AppData\Local\Android\Sdk\build-tools\34.0.0\lld-bin;C:\Users\Rohit Deshmukh\AppData\Local\Android\Sdk;D:\3Rd Year\Chrome Download\mingw-w64-v11.0.0\mingw-w64-v11.0.0;C:\Program Files\dotnet\;C:\Program Files\Git\cmd;C:\Program Files\nodejs\;C:\Program Files\MongoDB\Server\8.0\bin;C:\Program Files\MySQL\MySQL Server 8.0\bin;C:\Users\Rohit Deshmukh\AppData\Local\Programs\Python\Python313\Scripts\;C:\Users\Rohit Deshmukh\AppData\Local\Programs\Python\Python313\;C:\Users\Rohit Deshmukh\AppData\Local\Programs\Python\Launcher\;C:\Users\Rohit Deshmukh\.console-ninja\.bin;C:\Users\Rohit Deshmukh\AppData\Local\Microsoft\WindowsApps;C:\Users\Rohit Deshmukh\AppData\Local\Programs\Microsoft VS Code\bin;C:\Users\Rohit Deshmukh\AppData\Roaming\npm;C:\Users\Rohit Deshmukh\AppData\Local\Microsoft\WindowsApps;C:\Windows\Microsoft.NET\Framework\v4.0.30319;C:\Users\Rohit Deshmukh\Downloads\jdk-26_windows-x64_bin.msi;;C:\Users\Rohit Deshmukh\Downloads\netbeans-29-bin\netbeans-29-bin\netbeans\bin\
USERNAME=Rohi Deshmukh
OS=Windows_NT
PROCESSOR_IDENTIFIER=Intel64 Family 6 Model 142 Stepping 12, GenuineIntel
TMP=C:\Users\ROHITD~1\AppData\Local\Temp
TEMP=C:\Users\ROHITD~1\AppData\Local\Temp




Compilation memory statistics disabled.

Periodic native trim disabled

---------------  S Y S T E M  ---------------

OS:
 Windows 11 , 64 bit Build 26100 (10.0.26100.7920)
OS uptime: 1 days 0:13 hours
Hyper-V role detected

CPU: total 4 (initial active 4) (2 cores per cpu, 2 threads per core) family 6 model 142 stepping 12 microcode 0xde, cx8, cmov, fxsr, ht, mmx, 3dnowpref, sse, sse2, sse3, ssse3, sse4.1, sse4.2, popcnt, lzcnt, tsc, tscinvbit, avx, avx2, aes, erms, clmul, bmi1, bmi2, adx, fma, vzeroupper, clflush, clflushopt, hv, rdtscp, f16c
Processor Information for the first 4 processors :
  Max Mhz: 2592, Current Mhz: 2592, Mhz Limit: 2073

Memory: 4k page, system-wide physical 8025M (939M free)
TotalPageFile size 10073M (AvailPageFile size 126M)
current process WorkingSet (physical memory assigned to process): 83M, peak: 83M
current process commit charge ("private bytes"): 106M, peak: 106M

vm_info: Java HotSpot(TM) 64-Bit Server VM (26+35-2893) for windows-amd64 JRE (26+35-2893), built on 2026-02-12T17:04:02Z with MS VC++ 17.13 (VS2022)

END.
